{"E:\\Github\\powerdns\\src\\lib\\client\\advanced-client.ts": {"path":"E:\\Github\\powerdns\\src\\lib\\client\\advanced-client.ts","all":false,"statementMap":{"0":{"start":{"line":1,"column":0},"end":{"line":1,"column":65}},"1":{"start":{"line":2,"column":0},"end":{"line":2,"column":86}},"2":{"start":{"line":3,"column":0},"end":{"line":3,"column":86}},"3":{"start":{"line":4,"column":0},"end":{"line":4,"column":8}},"4":{"start":{"line":5,"column":0},"end":{"line":5,"column":18}},"5":{"start":{"line":6,"column":0},"end":{"line":6,"column":24}},"6":{"start":{"line":7,"column":0},"end":{"line":7,"column":22}},"7":{"start":{"line":8,"column":0},"end":{"line":8,"column":23}},"8":{"start":{"line":9,"column":0},"end":{"line":9,"column":23}},"9":{"start":{"line":10,"column":0},"end":{"line":10,"column":38}},"10":{"start":{"line":11,"column":0},"end":{"line":11,"column":8}},"11":{"start":{"line":12,"column":0},"end":{"line":12,"column":35}},"12":{"start":{"line":13,"column":0},"end":{"line":13,"column":38}},"13":{"start":{"line":14,"column":0},"end":{"line":14,"column":32}},"14":{"start":{"line":15,"column":0},"end":{"line":15,"column":33}},"15":{"start":{"line":16,"column":0},"end":{"line":16,"column":30}},"16":{"start":{"line":17,"column":0},"end":{"line":17,"column":38}},"17":{"start":{"line":18,"column":0},"end":{"line":18,"column":96}},"18":{"start":{"line":19,"column":0},"end":{"line":19,"column":92}},"19":{"start":{"line":20,"column":0},"end":{"line":20,"column":8}},"20":{"start":{"line":21,"column":0},"end":{"line":21,"column":21}},"21":{"start":{"line":22,"column":0},"end":{"line":22,"column":27}},"22":{"start":{"line":23,"column":0},"end":{"line":23,"column":25}},"23":{"start":{"line":24,"column":0},"end":{"line":24,"column":26}},"24":{"start":{"line":25,"column":0},"end":{"line":25,"column":42}},"25":{"start":{"line":26,"column":0},"end":{"line":26,"column":86}},"26":{"start":{"line":27,"column":0},"end":{"line":27,"column":76}},"27":{"start":{"line":28,"column":0},"end":{"line":28,"column":69}},"28":{"start":{"line":29,"column":0},"end":{"line":29,"column":85}},"29":{"start":{"line":30,"column":0},"end":{"line":30,"column":86}},"30":{"start":{"line":31,"column":0},"end":{"line":31,"column":31}},"31":{"start":{"line":32,"column":0},"end":{"line":32,"column":0}},"32":{"start":{"line":33,"column":0},"end":{"line":33,"column":37}},"33":{"start":{"line":34,"column":0},"end":{"line":34,"column":0}},"34":{"start":{"line":35,"column":0},"end":{"line":35,"column":20}},"35":{"start":{"line":36,"column":0},"end":{"line":36,"column":52}},"36":{"start":{"line":37,"column":0},"end":{"line":37,"column":0}},"37":{"start":{"line":38,"column":0},"end":{"line":38,"column":7}},"38":{"start":{"line":39,"column":0},"end":{"line":39,"column":18}},"39":{"start":{"line":40,"column":0},"end":{"line":40,"column":21}},"40":{"start":{"line":41,"column":0},"end":{"line":41,"column":28}},"41":{"start":{"line":42,"column":0},"end":{"line":42,"column":7}},"42":{"start":{"line":43,"column":0},"end":{"line":43,"column":16}},"43":{"start":{"line":44,"column":0},"end":{"line":44,"column":44}},"44":{"start":{"line":45,"column":0},"end":{"line":45,"column":54}},"45":{"start":{"line":46,"column":0},"end":{"line":46,"column":7}},"46":{"start":{"line":47,"column":0},"end":{"line":47,"column":0}},"47":{"start":{"line":48,"column":0},"end":{"line":48,"column":7}},"48":{"start":{"line":49,"column":0},"end":{"line":49,"column":67}},"49":{"start":{"line":50,"column":0},"end":{"line":50,"column":6}},"50":{"start":{"line":51,"column":0},"end":{"line":51,"column":24}},"51":{"start":{"line":52,"column":0},"end":{"line":52,"column":34}},"52":{"start":{"line":53,"column":0},"end":{"line":53,"column":7}},"53":{"start":{"line":54,"column":0},"end":{"line":54,"column":57}},"54":{"start":{"line":55,"column":0},"end":{"line":55,"column":108}},"55":{"start":{"line":56,"column":0},"end":{"line":56,"column":5}},"56":{"start":{"line":57,"column":0},"end":{"line":57,"column":0}},"57":{"start":{"line":58,"column":0},"end":{"line":58,"column":7}},"58":{"start":{"line":59,"column":0},"end":{"line":59,"column":23}},"59":{"start":{"line":60,"column":0},"end":{"line":60,"column":84}},"60":{"start":{"line":61,"column":0},"end":{"line":61,"column":6}},"61":{"start":{"line":62,"column":0},"end":{"line":62,"column":43}},"62":{"start":{"line":63,"column":0},"end":{"line":63,"column":41}},"63":{"start":{"line":64,"column":0},"end":{"line":64,"column":40}},"64":{"start":{"line":65,"column":0},"end":{"line":65,"column":52}},"65":{"start":{"line":66,"column":0},"end":{"line":66,"column":52}},"66":{"start":{"line":67,"column":0},"end":{"line":67,"column":42}},"67":{"start":{"line":68,"column":0},"end":{"line":68,"column":7}},"68":{"start":{"line":69,"column":0},"end":{"line":69,"column":46}},"69":{"start":{"line":70,"column":0},"end":{"line":70,"column":68}},"70":{"start":{"line":71,"column":0},"end":{"line":71,"column":56}},"71":{"start":{"line":72,"column":0},"end":{"line":72,"column":43}},"72":{"start":{"line":73,"column":0},"end":{"line":73,"column":60}},"73":{"start":{"line":74,"column":0},"end":{"line":74,"column":11}},"74":{"start":{"line":75,"column":0},"end":{"line":75,"column":5}},"75":{"start":{"line":76,"column":0},"end":{"line":76,"column":0}},"76":{"start":{"line":77,"column":0},"end":{"line":77,"column":7}},"77":{"start":{"line":78,"column":0},"end":{"line":78,"column":19}},"78":{"start":{"line":79,"column":0},"end":{"line":79,"column":94}},"79":{"start":{"line":80,"column":0},"end":{"line":80,"column":6}},"80":{"start":{"line":81,"column":0},"end":{"line":81,"column":59}},"81":{"start":{"line":82,"column":0},"end":{"line":82,"column":43}},"82":{"start":{"line":83,"column":0},"end":{"line":83,"column":41}},"83":{"start":{"line":84,"column":0},"end":{"line":84,"column":40}},"84":{"start":{"line":85,"column":0},"end":{"line":85,"column":52}},"85":{"start":{"line":86,"column":0},"end":{"line":86,"column":52}},"86":{"start":{"line":87,"column":0},"end":{"line":87,"column":40}},"87":{"start":{"line":88,"column":0},"end":{"line":88,"column":7}},"88":{"start":{"line":89,"column":0},"end":{"line":89,"column":81}},"89":{"start":{"line":90,"column":0},"end":{"line":90,"column":66}},"90":{"start":{"line":91,"column":0},"end":{"line":91,"column":65}},"91":{"start":{"line":92,"column":0},"end":{"line":92,"column":42}},"92":{"start":{"line":93,"column":0},"end":{"line":93,"column":59}},"93":{"start":{"line":94,"column":0},"end":{"line":94,"column":11}},"94":{"start":{"line":95,"column":0},"end":{"line":95,"column":5}},"95":{"start":{"line":96,"column":0},"end":{"line":96,"column":0}},"96":{"start":{"line":97,"column":0},"end":{"line":97,"column":7}},"97":{"start":{"line":98,"column":0},"end":{"line":98,"column":56}},"98":{"start":{"line":99,"column":0},"end":{"line":99,"column":6}},"99":{"start":{"line":100,"column":0},"end":{"line":100,"column":43}},"100":{"start":{"line":101,"column":0},"end":{"line":101,"column":41}},"101":{"start":{"line":102,"column":0},"end":{"line":102,"column":40}},"102":{"start":{"line":103,"column":0},"end":{"line":103,"column":52}},"103":{"start":{"line":104,"column":0},"end":{"line":104,"column":52}},"104":{"start":{"line":105,"column":0},"end":{"line":105,"column":48}},"105":{"start":{"line":106,"column":0},"end":{"line":106,"column":7}},"106":{"start":{"line":107,"column":0},"end":{"line":107,"column":52}},"107":{"start":{"line":108,"column":0},"end":{"line":108,"column":74}},"108":{"start":{"line":109,"column":0},"end":{"line":109,"column":92}},"109":{"start":{"line":110,"column":0},"end":{"line":110,"column":43}},"110":{"start":{"line":111,"column":0},"end":{"line":111,"column":60}},"111":{"start":{"line":112,"column":0},"end":{"line":112,"column":11}},"112":{"start":{"line":113,"column":0},"end":{"line":113,"column":5}},"113":{"start":{"line":114,"column":0},"end":{"line":114,"column":0}},"114":{"start":{"line":115,"column":0},"end":{"line":115,"column":7}},"115":{"start":{"line":116,"column":0},"end":{"line":116,"column":33}},"116":{"start":{"line":117,"column":0},"end":{"line":117,"column":98}},"117":{"start":{"line":118,"column":0},"end":{"line":118,"column":6}},"118":{"start":{"line":119,"column":0},"end":{"line":119,"column":50}},"119":{"start":{"line":120,"column":0},"end":{"line":120,"column":43}},"120":{"start":{"line":121,"column":0},"end":{"line":121,"column":41}},"121":{"start":{"line":122,"column":0},"end":{"line":122,"column":40}},"122":{"start":{"line":123,"column":0},"end":{"line":123,"column":52}},"123":{"start":{"line":124,"column":0},"end":{"line":124,"column":52}},"124":{"start":{"line":125,"column":0},"end":{"line":125,"column":40}},"125":{"start":{"line":126,"column":0},"end":{"line":126,"column":7}},"126":{"start":{"line":127,"column":0},"end":{"line":127,"column":83}},"127":{"start":{"line":128,"column":0},"end":{"line":128,"column":70}},"128":{"start":{"line":129,"column":0},"end":{"line":129,"column":107}},"129":{"start":{"line":130,"column":0},"end":{"line":130,"column":42}},"130":{"start":{"line":131,"column":0},"end":{"line":131,"column":59}},"131":{"start":{"line":132,"column":0},"end":{"line":132,"column":11}},"132":{"start":{"line":133,"column":0},"end":{"line":133,"column":5}},"133":{"start":{"line":134,"column":0},"end":{"line":134,"column":0}},"134":{"start":{"line":135,"column":0},"end":{"line":135,"column":7}},"135":{"start":{"line":136,"column":0},"end":{"line":136,"column":47}},"136":{"start":{"line":137,"column":0},"end":{"line":137,"column":106}},"137":{"start":{"line":138,"column":0},"end":{"line":138,"column":6}},"138":{"start":{"line":139,"column":0},"end":{"line":139,"column":55}},"139":{"start":{"line":140,"column":0},"end":{"line":140,"column":50}},"140":{"start":{"line":141,"column":0},"end":{"line":141,"column":43}},"141":{"start":{"line":142,"column":0},"end":{"line":142,"column":41}},"142":{"start":{"line":143,"column":0},"end":{"line":143,"column":40}},"143":{"start":{"line":144,"column":0},"end":{"line":144,"column":52}},"144":{"start":{"line":145,"column":0},"end":{"line":145,"column":52}},"145":{"start":{"line":146,"column":0},"end":{"line":146,"column":29}},"146":{"start":{"line":147,"column":0},"end":{"line":147,"column":7}},"147":{"start":{"line":148,"column":0},"end":{"line":148,"column":92}},"148":{"start":{"line":149,"column":0},"end":{"line":149,"column":64}},"149":{"start":{"line":150,"column":0},"end":{"line":150,"column":112}},"150":{"start":{"line":151,"column":0},"end":{"line":151,"column":43}},"151":{"start":{"line":152,"column":0},"end":{"line":152,"column":60}},"152":{"start":{"line":153,"column":0},"end":{"line":153,"column":11}},"153":{"start":{"line":154,"column":0},"end":{"line":154,"column":5}},"154":{"start":{"line":155,"column":0},"end":{"line":155,"column":0}},"155":{"start":{"line":156,"column":0},"end":{"line":156,"column":7}},"156":{"start":{"line":157,"column":0},"end":{"line":157,"column":39}},"157":{"start":{"line":158,"column":0},"end":{"line":158,"column":113}},"158":{"start":{"line":159,"column":0},"end":{"line":159,"column":6}},"159":{"start":{"line":160,"column":0},"end":{"line":160,"column":55}},"160":{"start":{"line":161,"column":0},"end":{"line":161,"column":43}},"161":{"start":{"line":162,"column":0},"end":{"line":162,"column":41}},"162":{"start":{"line":163,"column":0},"end":{"line":163,"column":40}},"163":{"start":{"line":164,"column":0},"end":{"line":164,"column":52}},"164":{"start":{"line":165,"column":0},"end":{"line":165,"column":52}},"165":{"start":{"line":166,"column":0},"end":{"line":166,"column":22}},"166":{"start":{"line":167,"column":0},"end":{"line":167,"column":7}},"167":{"start":{"line":168,"column":0},"end":{"line":168,"column":49}},"168":{"start":{"line":169,"column":0},"end":{"line":169,"column":57}},"169":{"start":{"line":170,"column":0},"end":{"line":170,"column":91}},"170":{"start":{"line":171,"column":0},"end":{"line":171,"column":43}},"171":{"start":{"line":172,"column":0},"end":{"line":172,"column":60}},"172":{"start":{"line":173,"column":0},"end":{"line":173,"column":11}},"173":{"start":{"line":174,"column":0},"end":{"line":174,"column":5}},"174":{"start":{"line":175,"column":0},"end":{"line":175,"column":0}},"175":{"start":{"line":176,"column":0},"end":{"line":176,"column":7}},"176":{"start":{"line":177,"column":0},"end":{"line":177,"column":29}},"177":{"start":{"line":178,"column":0},"end":{"line":178,"column":133}},"178":{"start":{"line":179,"column":0},"end":{"line":179,"column":114}},"179":{"start":{"line":180,"column":0},"end":{"line":180,"column":6}},"180":{"start":{"line":181,"column":0},"end":{"line":181,"column":55}},"181":{"start":{"line":182,"column":0},"end":{"line":182,"column":43}},"182":{"start":{"line":183,"column":0},"end":{"line":183,"column":41}},"183":{"start":{"line":184,"column":0},"end":{"line":184,"column":40}},"184":{"start":{"line":185,"column":0},"end":{"line":185,"column":52}},"185":{"start":{"line":186,"column":0},"end":{"line":186,"column":52}},"186":{"start":{"line":187,"column":0},"end":{"line":187,"column":22}},"187":{"start":{"line":188,"column":0},"end":{"line":188,"column":7}},"188":{"start":{"line":189,"column":0},"end":{"line":189,"column":50}},"189":{"start":{"line":190,"column":0},"end":{"line":190,"column":57}},"190":{"start":{"line":191,"column":0},"end":{"line":191,"column":114}},"191":{"start":{"line":192,"column":0},"end":{"line":192,"column":43}},"192":{"start":{"line":193,"column":0},"end":{"line":193,"column":60}},"193":{"start":{"line":194,"column":0},"end":{"line":194,"column":11}},"194":{"start":{"line":195,"column":0},"end":{"line":195,"column":5}},"195":{"start":{"line":196,"column":0},"end":{"line":196,"column":0}},"196":{"start":{"line":197,"column":0},"end":{"line":197,"column":7}},"197":{"start":{"line":198,"column":0},"end":{"line":198,"column":56}},"198":{"start":{"line":199,"column":0},"end":{"line":199,"column":99}},"199":{"start":{"line":200,"column":0},"end":{"line":200,"column":6}},"200":{"start":{"line":201,"column":0},"end":{"line":201,"column":40}},"201":{"start":{"line":202,"column":0},"end":{"line":202,"column":50}},"202":{"start":{"line":203,"column":0},"end":{"line":203,"column":43}},"203":{"start":{"line":204,"column":0},"end":{"line":204,"column":41}},"204":{"start":{"line":205,"column":0},"end":{"line":205,"column":40}},"205":{"start":{"line":206,"column":0},"end":{"line":206,"column":52}},"206":{"start":{"line":207,"column":0},"end":{"line":207,"column":52}},"207":{"start":{"line":208,"column":0},"end":{"line":208,"column":29}},"208":{"start":{"line":209,"column":0},"end":{"line":209,"column":7}},"209":{"start":{"line":210,"column":0},"end":{"line":210,"column":108}},"210":{"start":{"line":211,"column":0},"end":{"line":211,"column":64}},"211":{"start":{"line":212,"column":0},"end":{"line":212,"column":153}},"212":{"start":{"line":213,"column":0},"end":{"line":213,"column":43}},"213":{"start":{"line":214,"column":0},"end":{"line":214,"column":60}},"214":{"start":{"line":215,"column":0},"end":{"line":215,"column":11}},"215":{"start":{"line":216,"column":0},"end":{"line":216,"column":5}},"216":{"start":{"line":217,"column":0},"end":{"line":217,"column":0}},"217":{"start":{"line":218,"column":0},"end":{"line":218,"column":7}},"218":{"start":{"line":219,"column":0},"end":{"line":219,"column":32}},"219":{"start":{"line":220,"column":0},"end":{"line":220,"column":199}},"220":{"start":{"line":221,"column":0},"end":{"line":221,"column":106}},"221":{"start":{"line":222,"column":0},"end":{"line":222,"column":6}},"222":{"start":{"line":223,"column":0},"end":{"line":223,"column":43}},"223":{"start":{"line":224,"column":0},"end":{"line":224,"column":38}},"224":{"start":{"line":225,"column":0},"end":{"line":225,"column":43}},"225":{"start":{"line":226,"column":0},"end":{"line":226,"column":41}},"226":{"start":{"line":227,"column":0},"end":{"line":227,"column":40}},"227":{"start":{"line":228,"column":0},"end":{"line":228,"column":52}},"228":{"start":{"line":229,"column":0},"end":{"line":229,"column":52}},"229":{"start":{"line":230,"column":0},"end":{"line":230,"column":20}},"230":{"start":{"line":231,"column":0},"end":{"line":231,"column":7}},"231":{"start":{"line":232,"column":0},"end":{"line":232,"column":73}},"232":{"start":{"line":233,"column":0},"end":{"line":233,"column":55}},"233":{"start":{"line":234,"column":0},"end":{"line":234,"column":103}},"234":{"start":{"line":235,"column":0},"end":{"line":235,"column":43}},"235":{"start":{"line":236,"column":0},"end":{"line":236,"column":60}},"236":{"start":{"line":237,"column":0},"end":{"line":237,"column":11}},"237":{"start":{"line":238,"column":0},"end":{"line":238,"column":5}},"238":{"start":{"line":239,"column":0},"end":{"line":239,"column":0}},"239":{"start":{"line":240,"column":0},"end":{"line":240,"column":7}},"240":{"start":{"line":241,"column":0},"end":{"line":241,"column":80}},"241":{"start":{"line":242,"column":0},"end":{"line":242,"column":106}},"242":{"start":{"line":243,"column":0},"end":{"line":243,"column":6}},"243":{"start":{"line":244,"column":0},"end":{"line":244,"column":43}},"244":{"start":{"line":245,"column":0},"end":{"line":245,"column":23}},"245":{"start":{"line":246,"column":0},"end":{"line":246,"column":43}},"246":{"start":{"line":247,"column":0},"end":{"line":247,"column":41}},"247":{"start":{"line":248,"column":0},"end":{"line":248,"column":40}},"248":{"start":{"line":249,"column":0},"end":{"line":249,"column":52}},"249":{"start":{"line":250,"column":0},"end":{"line":250,"column":52}},"250":{"start":{"line":251,"column":0},"end":{"line":251,"column":20}},"251":{"start":{"line":252,"column":0},"end":{"line":252,"column":7}},"252":{"start":{"line":253,"column":0},"end":{"line":253,"column":85}},"253":{"start":{"line":254,"column":0},"end":{"line":254,"column":55}},"254":{"start":{"line":255,"column":0},"end":{"line":255,"column":73}},"255":{"start":{"line":256,"column":0},"end":{"line":256,"column":76}},"256":{"start":{"line":257,"column":0},"end":{"line":257,"column":48}},"257":{"start":{"line":258,"column":0},"end":{"line":258,"column":87}},"258":{"start":{"line":259,"column":0},"end":{"line":259,"column":48}},"259":{"start":{"line":260,"column":0},"end":{"line":260,"column":29}},"260":{"start":{"line":261,"column":0},"end":{"line":261,"column":18}},"261":{"start":{"line":262,"column":0},"end":{"line":262,"column":30}},"262":{"start":{"line":263,"column":0},"end":{"line":263,"column":15}},"263":{"start":{"line":264,"column":0},"end":{"line":264,"column":0}},"264":{"start":{"line":265,"column":0},"end":{"line":265,"column":121}},"265":{"start":{"line":266,"column":0},"end":{"line":266,"column":38}},"266":{"start":{"line":267,"column":0},"end":{"line":267,"column":29}},"267":{"start":{"line":268,"column":0},"end":{"line":268,"column":56}},"268":{"start":{"line":269,"column":0},"end":{"line":269,"column":51}},"269":{"start":{"line":270,"column":0},"end":{"line":270,"column":19}},"270":{"start":{"line":271,"column":0},"end":{"line":271,"column":11}},"271":{"start":{"line":272,"column":0},"end":{"line":272,"column":5}},"272":{"start":{"line":273,"column":0},"end":{"line":273,"column":0}},"273":{"start":{"line":274,"column":0},"end":{"line":274,"column":7}},"274":{"start":{"line":275,"column":0},"end":{"line":275,"column":59}},"275":{"start":{"line":276,"column":0},"end":{"line":276,"column":109}},"276":{"start":{"line":277,"column":0},"end":{"line":277,"column":6}},"277":{"start":{"line":278,"column":0},"end":{"line":278,"column":43}},"278":{"start":{"line":279,"column":0},"end":{"line":279,"column":43}},"279":{"start":{"line":280,"column":0},"end":{"line":280,"column":41}},"280":{"start":{"line":281,"column":0},"end":{"line":281,"column":40}},"281":{"start":{"line":282,"column":0},"end":{"line":282,"column":52}},"282":{"start":{"line":283,"column":0},"end":{"line":283,"column":52}},"283":{"start":{"line":284,"column":0},"end":{"line":284,"column":20}},"284":{"start":{"line":285,"column":0},"end":{"line":285,"column":7}},"285":{"start":{"line":286,"column":0},"end":{"line":286,"column":47}},"286":{"start":{"line":287,"column":0},"end":{"line":287,"column":55}},"287":{"start":{"line":288,"column":0},"end":{"line":288,"column":101}},"288":{"start":{"line":289,"column":0},"end":{"line":289,"column":38}},"289":{"start":{"line":290,"column":0},"end":{"line":290,"column":60}},"290":{"start":{"line":291,"column":0},"end":{"line":291,"column":11}},"291":{"start":{"line":292,"column":0},"end":{"line":292,"column":5}},"292":{"start":{"line":293,"column":0},"end":{"line":293,"column":0}},"293":{"start":{"line":294,"column":0},"end":{"line":294,"column":7}},"294":{"start":{"line":295,"column":0},"end":{"line":295,"column":43}},"295":{"start":{"line":296,"column":0},"end":{"line":296,"column":127}},"296":{"start":{"line":297,"column":0},"end":{"line":297,"column":120}},"297":{"start":{"line":298,"column":0},"end":{"line":298,"column":6}},"298":{"start":{"line":299,"column":0},"end":{"line":299,"column":43}},"299":{"start":{"line":300,"column":0},"end":{"line":300,"column":43}},"300":{"start":{"line":301,"column":0},"end":{"line":301,"column":41}},"301":{"start":{"line":302,"column":0},"end":{"line":302,"column":40}},"302":{"start":{"line":303,"column":0},"end":{"line":303,"column":52}},"303":{"start":{"line":304,"column":0},"end":{"line":304,"column":52}},"304":{"start":{"line":305,"column":0},"end":{"line":305,"column":20}},"305":{"start":{"line":306,"column":0},"end":{"line":306,"column":7}},"306":{"start":{"line":307,"column":0},"end":{"line":307,"column":60}},"307":{"start":{"line":308,"column":0},"end":{"line":308,"column":55}},"308":{"start":{"line":309,"column":0},"end":{"line":309,"column":112}},"309":{"start":{"line":310,"column":0},"end":{"line":310,"column":38}},"310":{"start":{"line":311,"column":0},"end":{"line":311,"column":60}},"311":{"start":{"line":312,"column":0},"end":{"line":312,"column":11}},"312":{"start":{"line":313,"column":0},"end":{"line":313,"column":5}},"313":{"start":{"line":314,"column":0},"end":{"line":314,"column":0}},"314":{"start":{"line":315,"column":0},"end":{"line":315,"column":7}},"315":{"start":{"line":316,"column":0},"end":{"line":316,"column":39}},"316":{"start":{"line":317,"column":0},"end":{"line":317,"column":189}},"317":{"start":{"line":318,"column":0},"end":{"line":318,"column":113}},"318":{"start":{"line":319,"column":0},"end":{"line":319,"column":6}},"319":{"start":{"line":320,"column":0},"end":{"line":320,"column":43}},"320":{"start":{"line":321,"column":0},"end":{"line":321,"column":43}},"321":{"start":{"line":322,"column":0},"end":{"line":322,"column":41}},"322":{"start":{"line":323,"column":0},"end":{"line":323,"column":40}},"323":{"start":{"line":324,"column":0},"end":{"line":324,"column":52}},"324":{"start":{"line":325,"column":0},"end":{"line":325,"column":52}},"325":{"start":{"line":326,"column":0},"end":{"line":326,"column":20}},"326":{"start":{"line":327,"column":0},"end":{"line":327,"column":7}},"327":{"start":{"line":328,"column":0},"end":{"line":328,"column":52}},"328":{"start":{"line":329,"column":0},"end":{"line":329,"column":55}},"329":{"start":{"line":330,"column":0},"end":{"line":330,"column":105}},"330":{"start":{"line":331,"column":0},"end":{"line":331,"column":38}},"331":{"start":{"line":332,"column":0},"end":{"line":332,"column":60}},"332":{"start":{"line":333,"column":0},"end":{"line":333,"column":11}},"333":{"start":{"line":334,"column":0},"end":{"line":334,"column":5}},"334":{"start":{"line":335,"column":0},"end":{"line":335,"column":0}},"335":{"start":{"line":336,"column":0},"end":{"line":336,"column":7}},"336":{"start":{"line":337,"column":0},"end":{"line":337,"column":59}},"337":{"start":{"line":338,"column":0},"end":{"line":338,"column":122}},"338":{"start":{"line":339,"column":0},"end":{"line":339,"column":6}},"339":{"start":{"line":340,"column":0},"end":{"line":340,"column":55}},"340":{"start":{"line":341,"column":0},"end":{"line":341,"column":43}},"341":{"start":{"line":342,"column":0},"end":{"line":342,"column":41}},"342":{"start":{"line":343,"column":0},"end":{"line":343,"column":40}},"343":{"start":{"line":344,"column":0},"end":{"line":344,"column":52}},"344":{"start":{"line":345,"column":0},"end":{"line":345,"column":52}},"345":{"start":{"line":346,"column":0},"end":{"line":346,"column":20}},"346":{"start":{"line":347,"column":0},"end":{"line":347,"column":7}},"347":{"start":{"line":348,"column":0},"end":{"line":348,"column":66}},"348":{"start":{"line":349,"column":0},"end":{"line":349,"column":71}},"349":{"start":{"line":350,"column":0},"end":{"line":350,"column":131}},"350":{"start":{"line":351,"column":0},"end":{"line":351,"column":43}},"351":{"start":{"line":352,"column":0},"end":{"line":352,"column":60}},"352":{"start":{"line":353,"column":0},"end":{"line":353,"column":11}},"353":{"start":{"line":354,"column":0},"end":{"line":354,"column":5}},"354":{"start":{"line":355,"column":0},"end":{"line":355,"column":0}},"355":{"start":{"line":356,"column":0},"end":{"line":356,"column":7}},"356":{"start":{"line":357,"column":0},"end":{"line":357,"column":70}},"357":{"start":{"line":358,"column":0},"end":{"line":358,"column":135}},"358":{"start":{"line":359,"column":0},"end":{"line":359,"column":6}},"359":{"start":{"line":360,"column":0},"end":{"line":360,"column":55}},"360":{"start":{"line":361,"column":0},"end":{"line":361,"column":55}},"361":{"start":{"line":362,"column":0},"end":{"line":362,"column":43}},"362":{"start":{"line":363,"column":0},"end":{"line":363,"column":41}},"363":{"start":{"line":364,"column":0},"end":{"line":364,"column":40}},"364":{"start":{"line":365,"column":0},"end":{"line":365,"column":52}},"365":{"start":{"line":366,"column":0},"end":{"line":366,"column":52}},"366":{"start":{"line":367,"column":0},"end":{"line":367,"column":20}},"367":{"start":{"line":368,"column":0},"end":{"line":368,"column":7}},"368":{"start":{"line":369,"column":0},"end":{"line":369,"column":84}},"369":{"start":{"line":370,"column":0},"end":{"line":370,"column":69}},"370":{"start":{"line":371,"column":0},"end":{"line":371,"column":144}},"371":{"start":{"line":372,"column":0},"end":{"line":372,"column":43}},"372":{"start":{"line":373,"column":0},"end":{"line":373,"column":60}},"373":{"start":{"line":374,"column":0},"end":{"line":374,"column":11}},"374":{"start":{"line":375,"column":0},"end":{"line":375,"column":5}},"375":{"start":{"line":376,"column":0},"end":{"line":376,"column":0}},"376":{"start":{"line":377,"column":0},"end":{"line":377,"column":7}},"377":{"start":{"line":378,"column":0},"end":{"line":378,"column":26}},"378":{"start":{"line":379,"column":0},"end":{"line":379,"column":342}},"379":{"start":{"line":380,"column":0},"end":{"line":380,"column":123}},"380":{"start":{"line":381,"column":0},"end":{"line":381,"column":6}},"381":{"start":{"line":382,"column":0},"end":{"line":382,"column":55}},"382":{"start":{"line":383,"column":0},"end":{"line":383,"column":45}},"383":{"start":{"line":384,"column":0},"end":{"line":384,"column":43}},"384":{"start":{"line":385,"column":0},"end":{"line":385,"column":41}},"385":{"start":{"line":386,"column":0},"end":{"line":386,"column":40}},"386":{"start":{"line":387,"column":0},"end":{"line":387,"column":52}},"387":{"start":{"line":388,"column":0},"end":{"line":388,"column":52}},"388":{"start":{"line":389,"column":0},"end":{"line":389,"column":29}},"389":{"start":{"line":390,"column":0},"end":{"line":390,"column":7}},"390":{"start":{"line":391,"column":0},"end":{"line":391,"column":98}},"391":{"start":{"line":392,"column":0},"end":{"line":392,"column":69}},"392":{"start":{"line":393,"column":0},"end":{"line":393,"column":135}},"393":{"start":{"line":394,"column":0},"end":{"line":394,"column":43}},"394":{"start":{"line":395,"column":0},"end":{"line":395,"column":60}},"395":{"start":{"line":396,"column":0},"end":{"line":396,"column":11}},"396":{"start":{"line":397,"column":0},"end":{"line":397,"column":5}},"397":{"start":{"line":398,"column":0},"end":{"line":398,"column":0}},"398":{"start":{"line":399,"column":0},"end":{"line":399,"column":7}},"399":{"start":{"line":400,"column":0},"end":{"line":400,"column":39}},"400":{"start":{"line":401,"column":0},"end":{"line":401,"column":135}},"401":{"start":{"line":402,"column":0},"end":{"line":402,"column":6}},"402":{"start":{"line":403,"column":0},"end":{"line":403,"column":55}},"403":{"start":{"line":404,"column":0},"end":{"line":404,"column":55}},"404":{"start":{"line":405,"column":0},"end":{"line":405,"column":43}},"405":{"start":{"line":406,"column":0},"end":{"line":406,"column":41}},"406":{"start":{"line":407,"column":0},"end":{"line":407,"column":40}},"407":{"start":{"line":408,"column":0},"end":{"line":408,"column":52}},"408":{"start":{"line":409,"column":0},"end":{"line":409,"column":52}},"409":{"start":{"line":410,"column":0},"end":{"line":410,"column":20}},"410":{"start":{"line":411,"column":0},"end":{"line":411,"column":7}},"411":{"start":{"line":412,"column":0},"end":{"line":412,"column":84}},"412":{"start":{"line":413,"column":0},"end":{"line":413,"column":55}},"413":{"start":{"line":414,"column":0},"end":{"line":414,"column":130}},"414":{"start":{"line":415,"column":0},"end":{"line":415,"column":38}},"415":{"start":{"line":416,"column":0},"end":{"line":416,"column":60}},"416":{"start":{"line":417,"column":0},"end":{"line":417,"column":11}},"417":{"start":{"line":418,"column":0},"end":{"line":418,"column":5}},"418":{"start":{"line":419,"column":0},"end":{"line":419,"column":0}},"419":{"start":{"line":420,"column":0},"end":{"line":420,"column":7}},"420":{"start":{"line":421,"column":0},"end":{"line":421,"column":59}},"421":{"start":{"line":422,"column":0},"end":{"line":422,"column":138}},"422":{"start":{"line":423,"column":0},"end":{"line":423,"column":6}},"423":{"start":{"line":424,"column":0},"end":{"line":424,"column":55}},"424":{"start":{"line":425,"column":0},"end":{"line":425,"column":55}},"425":{"start":{"line":426,"column":0},"end":{"line":426,"column":43}},"426":{"start":{"line":427,"column":0},"end":{"line":427,"column":41}},"427":{"start":{"line":428,"column":0},"end":{"line":428,"column":40}},"428":{"start":{"line":429,"column":0},"end":{"line":429,"column":52}},"429":{"start":{"line":430,"column":0},"end":{"line":430,"column":52}},"430":{"start":{"line":431,"column":0},"end":{"line":431,"column":20}},"431":{"start":{"line":432,"column":0},"end":{"line":432,"column":7}},"432":{"start":{"line":433,"column":0},"end":{"line":433,"column":73}},"433":{"start":{"line":434,"column":0},"end":{"line":434,"column":55}},"434":{"start":{"line":435,"column":0},"end":{"line":435,"column":127}},"435":{"start":{"line":436,"column":0},"end":{"line":436,"column":38}},"436":{"start":{"line":437,"column":0},"end":{"line":437,"column":60}},"437":{"start":{"line":438,"column":0},"end":{"line":438,"column":11}},"438":{"start":{"line":439,"column":0},"end":{"line":439,"column":5}},"439":{"start":{"line":440,"column":0},"end":{"line":440,"column":0}},"440":{"start":{"line":441,"column":0},"end":{"line":441,"column":7}},"441":{"start":{"line":442,"column":0},"end":{"line":442,"column":53}},"442":{"start":{"line":443,"column":0},"end":{"line":443,"column":119}},"443":{"start":{"line":444,"column":0},"end":{"line":444,"column":6}},"444":{"start":{"line":445,"column":0},"end":{"line":445,"column":55}},"445":{"start":{"line":446,"column":0},"end":{"line":446,"column":43}},"446":{"start":{"line":447,"column":0},"end":{"line":447,"column":41}},"447":{"start":{"line":448,"column":0},"end":{"line":448,"column":40}},"448":{"start":{"line":449,"column":0},"end":{"line":449,"column":52}},"449":{"start":{"line":450,"column":0},"end":{"line":450,"column":52}},"450":{"start":{"line":451,"column":0},"end":{"line":451,"column":35}},"451":{"start":{"line":452,"column":0},"end":{"line":452,"column":7}},"452":{"start":{"line":453,"column":0},"end":{"line":453,"column":63}},"453":{"start":{"line":454,"column":0},"end":{"line":454,"column":70}},"454":{"start":{"line":455,"column":0},"end":{"line":455,"column":128}},"455":{"start":{"line":456,"column":0},"end":{"line":456,"column":43}},"456":{"start":{"line":457,"column":0},"end":{"line":457,"column":60}},"457":{"start":{"line":458,"column":0},"end":{"line":458,"column":11}},"458":{"start":{"line":459,"column":0},"end":{"line":459,"column":5}},"459":{"start":{"line":460,"column":0},"end":{"line":460,"column":0}},"460":{"start":{"line":461,"column":0},"end":{"line":461,"column":7}},"461":{"start":{"line":462,"column":0},"end":{"line":462,"column":80}},"462":{"start":{"line":463,"column":0},"end":{"line":463,"column":133}},"463":{"start":{"line":464,"column":0},"end":{"line":464,"column":6}},"464":{"start":{"line":465,"column":0},"end":{"line":465,"column":55}},"465":{"start":{"line":466,"column":0},"end":{"line":466,"column":67}},"466":{"start":{"line":467,"column":0},"end":{"line":467,"column":43}},"467":{"start":{"line":468,"column":0},"end":{"line":468,"column":41}},"468":{"start":{"line":469,"column":0},"end":{"line":469,"column":40}},"469":{"start":{"line":470,"column":0},"end":{"line":470,"column":52}},"470":{"start":{"line":471,"column":0},"end":{"line":471,"column":52}},"471":{"start":{"line":472,"column":0},"end":{"line":472,"column":33}},"472":{"start":{"line":473,"column":0},"end":{"line":473,"column":7}},"473":{"start":{"line":474,"column":0},"end":{"line":474,"column":91}},"474":{"start":{"line":475,"column":0},"end":{"line":475,"column":68}},"475":{"start":{"line":476,"column":0},"end":{"line":476,"column":142}},"476":{"start":{"line":477,"column":0},"end":{"line":477,"column":43}},"477":{"start":{"line":478,"column":0},"end":{"line":478,"column":60}},"478":{"start":{"line":479,"column":0},"end":{"line":479,"column":11}},"479":{"start":{"line":480,"column":0},"end":{"line":480,"column":5}},"480":{"start":{"line":481,"column":0},"end":{"line":481,"column":0}},"481":{"start":{"line":482,"column":0},"end":{"line":482,"column":7}},"482":{"start":{"line":483,"column":0},"end":{"line":483,"column":40}},"483":{"start":{"line":484,"column":0},"end":{"line":484,"column":120}},"484":{"start":{"line":485,"column":0},"end":{"line":485,"column":6}},"485":{"start":{"line":486,"column":0},"end":{"line":486,"column":55}},"486":{"start":{"line":487,"column":0},"end":{"line":487,"column":47}},"487":{"start":{"line":488,"column":0},"end":{"line":488,"column":43}},"488":{"start":{"line":489,"column":0},"end":{"line":489,"column":41}},"489":{"start":{"line":490,"column":0},"end":{"line":490,"column":40}},"490":{"start":{"line":491,"column":0},"end":{"line":491,"column":52}},"491":{"start":{"line":492,"column":0},"end":{"line":492,"column":52}},"492":{"start":{"line":493,"column":0},"end":{"line":493,"column":33}},"493":{"start":{"line":494,"column":0},"end":{"line":494,"column":7}},"494":{"start":{"line":495,"column":0},"end":{"line":495,"column":94}},"495":{"start":{"line":496,"column":0},"end":{"line":496,"column":68}},"496":{"start":{"line":497,"column":0},"end":{"line":497,"column":132}},"497":{"start":{"line":498,"column":0},"end":{"line":498,"column":43}},"498":{"start":{"line":499,"column":0},"end":{"line":499,"column":60}},"499":{"start":{"line":500,"column":0},"end":{"line":500,"column":11}},"500":{"start":{"line":501,"column":0},"end":{"line":501,"column":5}},"501":{"start":{"line":502,"column":0},"end":{"line":502,"column":0}},"502":{"start":{"line":503,"column":0},"end":{"line":503,"column":7}},"503":{"start":{"line":504,"column":0},"end":{"line":504,"column":63}},"504":{"start":{"line":505,"column":0},"end":{"line":505,"column":133}},"505":{"start":{"line":506,"column":0},"end":{"line":506,"column":6}},"506":{"start":{"line":507,"column":0},"end":{"line":507,"column":55}},"507":{"start":{"line":508,"column":0},"end":{"line":508,"column":67}},"508":{"start":{"line":509,"column":0},"end":{"line":509,"column":43}},"509":{"start":{"line":510,"column":0},"end":{"line":510,"column":43}},"510":{"start":{"line":511,"column":0},"end":{"line":511,"column":41}},"511":{"start":{"line":512,"column":0},"end":{"line":512,"column":40}},"512":{"start":{"line":513,"column":0},"end":{"line":513,"column":52}},"513":{"start":{"line":514,"column":0},"end":{"line":514,"column":52}},"514":{"start":{"line":515,"column":0},"end":{"line":515,"column":33}},"515":{"start":{"line":516,"column":0},"end":{"line":516,"column":7}},"516":{"start":{"line":517,"column":0},"end":{"line":517,"column":113}},"517":{"start":{"line":518,"column":0},"end":{"line":518,"column":68}},"518":{"start":{"line":519,"column":0},"end":{"line":519,"column":199}},"519":{"start":{"line":520,"column":0},"end":{"line":520,"column":43}},"520":{"start":{"line":521,"column":0},"end":{"line":521,"column":60}},"521":{"start":{"line":522,"column":0},"end":{"line":522,"column":11}},"522":{"start":{"line":523,"column":0},"end":{"line":523,"column":5}},"523":{"start":{"line":524,"column":0},"end":{"line":524,"column":0}},"524":{"start":{"line":525,"column":0},"end":{"line":525,"column":7}},"525":{"start":{"line":526,"column":0},"end":{"line":526,"column":60}},"526":{"start":{"line":527,"column":0},"end":{"line":527,"column":136}},"527":{"start":{"line":528,"column":0},"end":{"line":528,"column":6}},"528":{"start":{"line":529,"column":0},"end":{"line":529,"column":55}},"529":{"start":{"line":530,"column":0},"end":{"line":530,"column":67}},"530":{"start":{"line":531,"column":0},"end":{"line":531,"column":43}},"531":{"start":{"line":532,"column":0},"end":{"line":532,"column":41}},"532":{"start":{"line":533,"column":0},"end":{"line":533,"column":40}},"533":{"start":{"line":534,"column":0},"end":{"line":534,"column":52}},"534":{"start":{"line":535,"column":0},"end":{"line":535,"column":52}},"535":{"start":{"line":536,"column":0},"end":{"line":536,"column":20}},"536":{"start":{"line":537,"column":0},"end":{"line":537,"column":7}},"537":{"start":{"line":538,"column":0},"end":{"line":538,"column":73}},"538":{"start":{"line":539,"column":0},"end":{"line":539,"column":55}},"539":{"start":{"line":540,"column":0},"end":{"line":540,"column":126}},"540":{"start":{"line":541,"column":0},"end":{"line":541,"column":38}},"541":{"start":{"line":542,"column":0},"end":{"line":542,"column":60}},"542":{"start":{"line":543,"column":0},"end":{"line":543,"column":11}},"543":{"start":{"line":544,"column":0},"end":{"line":544,"column":5}},"544":{"start":{"line":545,"column":0},"end":{"line":545,"column":0}},"545":{"start":{"line":546,"column":0},"end":{"line":546,"column":7}},"546":{"start":{"line":547,"column":0},"end":{"line":547,"column":60}},"547":{"start":{"line":548,"column":0},"end":{"line":548,"column":104}},"548":{"start":{"line":549,"column":0},"end":{"line":549,"column":6}},"549":{"start":{"line":550,"column":0},"end":{"line":550,"column":43}},"550":{"start":{"line":551,"column":0},"end":{"line":551,"column":41}},"551":{"start":{"line":552,"column":0},"end":{"line":552,"column":40}},"552":{"start":{"line":553,"column":0},"end":{"line":553,"column":52}},"553":{"start":{"line":554,"column":0},"end":{"line":554,"column":52}},"554":{"start":{"line":555,"column":0},"end":{"line":555,"column":38}},"555":{"start":{"line":556,"column":0},"end":{"line":556,"column":7}},"556":{"start":{"line":557,"column":0},"end":{"line":557,"column":52}},"557":{"start":{"line":558,"column":0},"end":{"line":558,"column":73}},"558":{"start":{"line":559,"column":0},"end":{"line":559,"column":93}},"559":{"start":{"line":560,"column":0},"end":{"line":560,"column":43}},"560":{"start":{"line":561,"column":0},"end":{"line":561,"column":60}},"561":{"start":{"line":562,"column":0},"end":{"line":562,"column":11}},"562":{"start":{"line":563,"column":0},"end":{"line":563,"column":5}},"563":{"start":{"line":564,"column":0},"end":{"line":564,"column":0}},"564":{"start":{"line":565,"column":0},"end":{"line":565,"column":7}},"565":{"start":{"line":566,"column":0},"end":{"line":566,"column":70}},"566":{"start":{"line":567,"column":0},"end":{"line":567,"column":115}},"567":{"start":{"line":568,"column":0},"end":{"line":568,"column":6}},"568":{"start":{"line":569,"column":0},"end":{"line":569,"column":53}},"569":{"start":{"line":570,"column":0},"end":{"line":570,"column":43}},"570":{"start":{"line":571,"column":0},"end":{"line":571,"column":41}},"571":{"start":{"line":572,"column":0},"end":{"line":572,"column":40}},"572":{"start":{"line":573,"column":0},"end":{"line":573,"column":52}},"573":{"start":{"line":574,"column":0},"end":{"line":574,"column":52}},"574":{"start":{"line":575,"column":0},"end":{"line":575,"column":32}},"575":{"start":{"line":576,"column":0},"end":{"line":576,"column":7}},"576":{"start":{"line":577,"column":0},"end":{"line":577,"column":58}},"577":{"start":{"line":578,"column":0},"end":{"line":578,"column":67}},"578":{"start":{"line":579,"column":0},"end":{"line":579,"column":96}},"579":{"start":{"line":580,"column":0},"end":{"line":580,"column":43}},"580":{"start":{"line":581,"column":0},"end":{"line":581,"column":60}},"581":{"start":{"line":582,"column":0},"end":{"line":582,"column":11}},"582":{"start":{"line":583,"column":0},"end":{"line":583,"column":5}},"583":{"start":{"line":584,"column":0},"end":{"line":584,"column":0}},"584":{"start":{"line":585,"column":0},"end":{"line":585,"column":7}},"585":{"start":{"line":586,"column":0},"end":{"line":586,"column":21}},"586":{"start":{"line":587,"column":0},"end":{"line":587,"column":126}},"587":{"start":{"line":588,"column":0},"end":{"line":588,"column":105}},"588":{"start":{"line":589,"column":0},"end":{"line":589,"column":6}},"589":{"start":{"line":590,"column":0},"end":{"line":590,"column":35}},"590":{"start":{"line":591,"column":0},"end":{"line":591,"column":43}},"591":{"start":{"line":592,"column":0},"end":{"line":592,"column":41}},"592":{"start":{"line":593,"column":0},"end":{"line":593,"column":40}},"593":{"start":{"line":594,"column":0},"end":{"line":594,"column":52}},"594":{"start":{"line":595,"column":0},"end":{"line":595,"column":52}},"595":{"start":{"line":596,"column":0},"end":{"line":596,"column":32}},"596":{"start":{"line":597,"column":0},"end":{"line":597,"column":7}},"597":{"start":{"line":598,"column":0},"end":{"line":598,"column":75}},"598":{"start":{"line":599,"column":0},"end":{"line":599,"column":67}},"599":{"start":{"line":600,"column":0},"end":{"line":600,"column":93}},"600":{"start":{"line":601,"column":0},"end":{"line":601,"column":43}},"601":{"start":{"line":602,"column":0},"end":{"line":602,"column":60}},"602":{"start":{"line":603,"column":0},"end":{"line":603,"column":11}},"603":{"start":{"line":604,"column":0},"end":{"line":604,"column":5}},"604":{"start":{"line":605,"column":0},"end":{"line":605,"column":0}},"605":{"start":{"line":606,"column":0},"end":{"line":606,"column":7}},"606":{"start":{"line":607,"column":0},"end":{"line":607,"column":50}},"607":{"start":{"line":608,"column":0},"end":{"line":608,"column":194}},"608":{"start":{"line":609,"column":0},"end":{"line":609,"column":115}},"609":{"start":{"line":610,"column":0},"end":{"line":610,"column":6}},"610":{"start":{"line":611,"column":0},"end":{"line":611,"column":53}},"611":{"start":{"line":612,"column":0},"end":{"line":612,"column":38}},"612":{"start":{"line":613,"column":0},"end":{"line":613,"column":43}},"613":{"start":{"line":614,"column":0},"end":{"line":614,"column":41}},"614":{"start":{"line":615,"column":0},"end":{"line":615,"column":40}},"615":{"start":{"line":616,"column":0},"end":{"line":616,"column":52}},"616":{"start":{"line":617,"column":0},"end":{"line":617,"column":52}},"617":{"start":{"line":618,"column":0},"end":{"line":618,"column":33}},"618":{"start":{"line":619,"column":0},"end":{"line":619,"column":7}},"619":{"start":{"line":620,"column":0},"end":{"line":620,"column":90}},"620":{"start":{"line":621,"column":0},"end":{"line":621,"column":67}},"621":{"start":{"line":622,"column":0},"end":{"line":622,"column":102}},"622":{"start":{"line":623,"column":0},"end":{"line":623,"column":43}},"623":{"start":{"line":624,"column":0},"end":{"line":624,"column":60}},"624":{"start":{"line":625,"column":0},"end":{"line":625,"column":11}},"625":{"start":{"line":626,"column":0},"end":{"line":626,"column":5}},"626":{"start":{"line":627,"column":0},"end":{"line":627,"column":0}},"627":{"start":{"line":628,"column":0},"end":{"line":628,"column":7}},"628":{"start":{"line":629,"column":0},"end":{"line":629,"column":25}},"629":{"start":{"line":630,"column":0},"end":{"line":630,"column":118}},"630":{"start":{"line":631,"column":0},"end":{"line":631,"column":6}},"631":{"start":{"line":632,"column":0},"end":{"line":632,"column":53}},"632":{"start":{"line":633,"column":0},"end":{"line":633,"column":43}},"633":{"start":{"line":634,"column":0},"end":{"line":634,"column":41}},"634":{"start":{"line":635,"column":0},"end":{"line":635,"column":40}},"635":{"start":{"line":636,"column":0},"end":{"line":636,"column":52}},"636":{"start":{"line":637,"column":0},"end":{"line":637,"column":52}},"637":{"start":{"line":638,"column":0},"end":{"line":638,"column":20}},"638":{"start":{"line":639,"column":0},"end":{"line":639,"column":7}},"639":{"start":{"line":640,"column":0},"end":{"line":640,"column":49}},"640":{"start":{"line":641,"column":0},"end":{"line":641,"column":55}},"641":{"start":{"line":642,"column":0},"end":{"line":642,"column":81}},"642":{"start":{"line":643,"column":0},"end":{"line":643,"column":38}},"643":{"start":{"line":644,"column":0},"end":{"line":644,"column":60}},"644":{"start":{"line":645,"column":0},"end":{"line":645,"column":11}},"645":{"start":{"line":646,"column":0},"end":{"line":646,"column":5}},"646":{"start":{"line":647,"column":0},"end":{"line":647,"column":0}},"647":{"start":{"line":648,"column":0},"end":{"line":648,"column":7}},"648":{"start":{"line":649,"column":0},"end":{"line":649,"column":40}},"649":{"start":{"line":650,"column":0},"end":{"line":650,"column":115}},"650":{"start":{"line":651,"column":0},"end":{"line":651,"column":6}},"651":{"start":{"line":652,"column":0},"end":{"line":652,"column":43}},"652":{"start":{"line":653,"column":0},"end":{"line":653,"column":41}},"653":{"start":{"line":654,"column":0},"end":{"line":654,"column":40}},"654":{"start":{"line":655,"column":0},"end":{"line":655,"column":52}},"655":{"start":{"line":656,"column":0},"end":{"line":656,"column":52}},"656":{"start":{"line":657,"column":0},"end":{"line":657,"column":44}},"657":{"start":{"line":658,"column":0},"end":{"line":658,"column":7}},"658":{"start":{"line":659,"column":0},"end":{"line":659,"column":63}},"659":{"start":{"line":660,"column":0},"end":{"line":660,"column":79}},"660":{"start":{"line":661,"column":0},"end":{"line":661,"column":104}},"661":{"start":{"line":662,"column":0},"end":{"line":662,"column":43}},"662":{"start":{"line":663,"column":0},"end":{"line":663,"column":60}},"663":{"start":{"line":664,"column":0},"end":{"line":664,"column":11}},"664":{"start":{"line":665,"column":0},"end":{"line":665,"column":5}},"665":{"start":{"line":666,"column":0},"end":{"line":666,"column":0}},"666":{"start":{"line":667,"column":0},"end":{"line":667,"column":7}},"667":{"start":{"line":668,"column":0},"end":{"line":668,"column":32}},"668":{"start":{"line":669,"column":0},"end":{"line":669,"column":62}},"669":{"start":{"line":670,"column":0},"end":{"line":670,"column":116}},"670":{"start":{"line":671,"column":0},"end":{"line":671,"column":6}},"671":{"start":{"line":672,"column":0},"end":{"line":672,"column":35}},"672":{"start":{"line":673,"column":0},"end":{"line":673,"column":43}},"673":{"start":{"line":674,"column":0},"end":{"line":674,"column":41}},"674":{"start":{"line":675,"column":0},"end":{"line":675,"column":40}},"675":{"start":{"line":676,"column":0},"end":{"line":676,"column":52}},"676":{"start":{"line":677,"column":0},"end":{"line":677,"column":52}},"677":{"start":{"line":678,"column":0},"end":{"line":678,"column":32}},"678":{"start":{"line":679,"column":0},"end":{"line":679,"column":7}},"679":{"start":{"line":680,"column":0},"end":{"line":680,"column":68}},"680":{"start":{"line":681,"column":0},"end":{"line":681,"column":55}},"681":{"start":{"line":682,"column":0},"end":{"line":682,"column":86}},"682":{"start":{"line":683,"column":0},"end":{"line":683,"column":43}},"683":{"start":{"line":684,"column":0},"end":{"line":684,"column":60}},"684":{"start":{"line":685,"column":0},"end":{"line":685,"column":11}},"685":{"start":{"line":686,"column":0},"end":{"line":686,"column":5}},"686":{"start":{"line":687,"column":0},"end":{"line":687,"column":0}},"687":{"start":{"line":688,"column":0},"end":{"line":688,"column":7}},"688":{"start":{"line":689,"column":0},"end":{"line":689,"column":35}},"689":{"start":{"line":690,"column":0},"end":{"line":690,"column":132}},"690":{"start":{"line":691,"column":0},"end":{"line":691,"column":6}},"691":{"start":{"line":692,"column":0},"end":{"line":692,"column":46}},"692":{"start":{"line":693,"column":0},"end":{"line":693,"column":56}},"693":{"start":{"line":694,"column":0},"end":{"line":694,"column":43}},"694":{"start":{"line":695,"column":0},"end":{"line":695,"column":41}},"695":{"start":{"line":696,"column":0},"end":{"line":696,"column":40}},"696":{"start":{"line":697,"column":0},"end":{"line":697,"column":52}},"697":{"start":{"line":698,"column":0},"end":{"line":698,"column":52}},"698":{"start":{"line":699,"column":0},"end":{"line":699,"column":20}},"699":{"start":{"line":700,"column":0},"end":{"line":700,"column":7}},"700":{"start":{"line":701,"column":0},"end":{"line":701,"column":70}},"701":{"start":{"line":702,"column":0},"end":{"line":702,"column":55}},"702":{"start":{"line":703,"column":0},"end":{"line":703,"column":97}},"703":{"start":{"line":704,"column":0},"end":{"line":704,"column":38}},"704":{"start":{"line":705,"column":0},"end":{"line":705,"column":60}},"705":{"start":{"line":706,"column":0},"end":{"line":706,"column":11}},"706":{"start":{"line":707,"column":0},"end":{"line":707,"column":5}},"707":{"start":{"line":708,"column":0},"end":{"line":708,"column":0}},"708":{"start":{"line":709,"column":0},"end":{"line":709,"column":7}},"709":{"start":{"line":710,"column":0},"end":{"line":710,"column":38}},"710":{"start":{"line":711,"column":0},"end":{"line":711,"column":106}},"711":{"start":{"line":712,"column":0},"end":{"line":712,"column":6}},"712":{"start":{"line":713,"column":0},"end":{"line":713,"column":49}},"713":{"start":{"line":714,"column":0},"end":{"line":714,"column":45}},"714":{"start":{"line":715,"column":0},"end":{"line":715,"column":43}},"715":{"start":{"line":716,"column":0},"end":{"line":716,"column":41}},"716":{"start":{"line":717,"column":0},"end":{"line":717,"column":40}},"717":{"start":{"line":718,"column":0},"end":{"line":718,"column":52}},"718":{"start":{"line":719,"column":0},"end":{"line":719,"column":52}},"719":{"start":{"line":720,"column":0},"end":{"line":720,"column":37}},"720":{"start":{"line":721,"column":0},"end":{"line":721,"column":7}},"721":{"start":{"line":722,"column":0},"end":{"line":722,"column":98}},"722":{"start":{"line":723,"column":0},"end":{"line":723,"column":72}},"723":{"start":{"line":724,"column":0},"end":{"line":724,"column":185}},"724":{"start":{"line":725,"column":0},"end":{"line":725,"column":43}},"725":{"start":{"line":726,"column":0},"end":{"line":726,"column":60}},"726":{"start":{"line":727,"column":0},"end":{"line":727,"column":11}},"727":{"start":{"line":728,"column":0},"end":{"line":728,"column":5}},"728":{"start":{"line":729,"column":0},"end":{"line":729,"column":0}},"729":{"start":{"line":730,"column":0},"end":{"line":730,"column":7}},"730":{"start":{"line":731,"column":0},"end":{"line":731,"column":42}},"731":{"start":{"line":732,"column":0},"end":{"line":732,"column":109}},"732":{"start":{"line":733,"column":0},"end":{"line":733,"column":6}},"733":{"start":{"line":734,"column":0},"end":{"line":734,"column":45}},"734":{"start":{"line":735,"column":0},"end":{"line":735,"column":43}},"735":{"start":{"line":736,"column":0},"end":{"line":736,"column":41}},"736":{"start":{"line":737,"column":0},"end":{"line":737,"column":40}},"737":{"start":{"line":738,"column":0},"end":{"line":738,"column":52}},"738":{"start":{"line":739,"column":0},"end":{"line":739,"column":52}},"739":{"start":{"line":740,"column":0},"end":{"line":740,"column":36}},"740":{"start":{"line":741,"column":0},"end":{"line":741,"column":7}},"741":{"start":{"line":742,"column":0},"end":{"line":742,"column":95}},"742":{"start":{"line":743,"column":0},"end":{"line":743,"column":71}},"743":{"start":{"line":744,"column":0},"end":{"line":744,"column":114}},"744":{"start":{"line":745,"column":0},"end":{"line":745,"column":43}},"745":{"start":{"line":746,"column":0},"end":{"line":746,"column":60}},"746":{"start":{"line":747,"column":0},"end":{"line":747,"column":11}},"747":{"start":{"line":748,"column":0},"end":{"line":748,"column":5}},"748":{"start":{"line":749,"column":0},"end":{"line":749,"column":0}},"749":{"start":{"line":750,"column":0},"end":{"line":750,"column":7}},"750":{"start":{"line":751,"column":0},"end":{"line":751,"column":34}},"751":{"start":{"line":752,"column":0},"end":{"line":752,"column":105}},"752":{"start":{"line":753,"column":0},"end":{"line":753,"column":6}},"753":{"start":{"line":754,"column":0},"end":{"line":754,"column":60}},"754":{"start":{"line":755,"column":0},"end":{"line":755,"column":43}},"755":{"start":{"line":756,"column":0},"end":{"line":756,"column":41}},"756":{"start":{"line":757,"column":0},"end":{"line":757,"column":40}},"757":{"start":{"line":758,"column":0},"end":{"line":758,"column":52}},"758":{"start":{"line":759,"column":0},"end":{"line":759,"column":52}},"759":{"start":{"line":760,"column":0},"end":{"line":760,"column":41}},"760":{"start":{"line":761,"column":0},"end":{"line":761,"column":7}},"761":{"start":{"line":762,"column":0},"end":{"line":762,"column":68}},"762":{"start":{"line":763,"column":0},"end":{"line":763,"column":76}},"763":{"start":{"line":764,"column":0},"end":{"line":764,"column":123}},"764":{"start":{"line":765,"column":0},"end":{"line":765,"column":43}},"765":{"start":{"line":766,"column":0},"end":{"line":766,"column":60}},"766":{"start":{"line":767,"column":0},"end":{"line":767,"column":11}},"767":{"start":{"line":768,"column":0},"end":{"line":768,"column":5}},"768":{"start":{"line":769,"column":0},"end":{"line":769,"column":0}},"769":{"start":{"line":770,"column":0},"end":{"line":770,"column":1}}},"s":{"0":7,"1":7,"2":7,"3":7,"4":7,"5":7,"6":7,"7":7,"8":7,"9":7,"10":14,"11":14,"12":14,"13":14,"14":14,"15":14,"16":14,"17":7,"18":7,"19":0,"20":0,"21":0,"22":0,"23":7,"24":7,"25":7,"26":7,"27":7,"28":7,"29":7,"30":0,"31":0,"32":0,"33":0,"34":0,"35":0,"36":0,"37":0,"38":0,"39":7,"40":7,"41":7,"42":7,"43":7,"44":7,"45":7,"46":7,"47":7,"48":7,"49":7,"50":7,"51":7,"52":7,"53":7,"54":7,"55":0,"56":0,"57":0,"58":0,"59":0,"60":0,"61":0,"62":0,"63":7,"64":7,"65":7,"66":7,"67":7,"68":7,"69":7,"70":7,"71":7,"72":0,"73":0,"74":0,"75":0,"76":0,"77":0,"78":0,"79":0,"80":7,"81":7,"82":7,"83":7,"84":7,"85":7,"86":7,"87":7,"88":7,"89":7,"90":7,"91":1,"92":1,"93":1,"94":1,"95":1,"96":1,"97":1,"98":0,"99":1,"100":7,"101":7,"102":7,"103":7,"104":7,"105":7,"106":7,"107":7,"108":7,"109":7,"110":7,"111":2,"112":2,"113":2,"114":2,"115":2,"116":2,"117":2,"118":2,"119":2,"120":7,"121":7,"122":7,"123":7,"124":7,"125":7,"126":7,"127":7,"128":7,"129":7,"130":0,"131":0,"132":0,"133":0,"134":0,"135":0,"136":0,"137":0,"138":7,"139":7,"140":7,"141":7,"142":7,"143":7,"144":7,"145":7,"146":7,"147":7,"148":7,"149":7,"150":0,"151":0,"152":0,"153":0,"154":0,"155":0,"156":0,"157":0,"158":0,"159":7,"160":7,"161":7,"162":7,"163":7,"164":7,"165":7,"166":7,"167":7,"168":7,"169":7,"170":7,"171":7,"172":7,"173":7,"174":7,"175":7,"176":7,"177":7,"178":7,"179":0,"180":7,"181":7,"182":7,"183":7,"184":7,"185":7,"186":7,"187":7,"188":7,"189":7,"190":7,"191":7,"192":7,"193":7,"194":7,"195":7,"196":7,"197":7,"198":0,"199":0,"200":0,"201":0,"202":0,"203":0,"204":7,"205":7,"206":7,"207":7,"208":7,"209":7,"210":7,"211":7,"212":7,"213":7,"214":5,"215":5,"216":5,"217":5,"218":5,"219":5,"220":6,"221":4,"222":6,"223":6,"224":5,"225":5,"226":5,"227":5,"228":5,"229":0,"230":0,"231":0,"232":7,"233":7,"234":7,"235":7,"236":7,"237":7,"238":7,"239":7,"240":7,"241":7,"242":7,"243":7,"244":7,"245":7,"246":7,"247":7,"248":7,"249":7,"250":0,"251":0,"252":7,"253":7,"254":7,"255":7,"256":7,"257":7,"258":7,"259":7,"260":7,"261":7,"262":7,"263":7,"264":7,"265":0,"266":0,"267":0,"268":0,"269":0,"270":0,"271":0,"272":0,"273":0,"274":0,"275":7,"276":7,"277":7,"278":7,"279":7,"280":7,"281":7,"282":7,"283":7,"284":7,"285":7,"286":7,"287":7,"288":7,"289":7,"290":0,"291":0,"292":0,"293":0,"294":0,"295":0,"296":7,"297":7,"298":7,"299":7,"300":7,"301":7,"302":7,"303":7,"304":7,"305":7,"306":7,"307":7,"308":7,"309":1,"310":1,"311":1,"312":1,"313":1,"314":1,"315":1,"316":7,"317":7,"318":7,"319":7,"320":7,"321":7,"322":7,"323":7,"324":7,"325":7,"326":7,"327":7,"328":7,"329":0,"330":0,"331":0,"332":0,"333":0,"334":0,"335":0,"336":0,"337":7,"338":7,"339":7,"340":7,"341":7,"342":7,"343":7,"344":7,"345":7,"346":7,"347":7,"348":7,"349":7,"350":7,"351":7,"352":7,"353":7,"354":7,"355":7,"356":7,"357":1,"358":1,"359":1,"360":1,"361":1,"362":1,"363":7,"364":7,"365":7,"366":7,"367":7,"368":7,"369":7,"370":7,"371":7,"372":7,"373":0,"374":0,"375":0,"376":0,"377":0,"378":7,"379":7,"380":7,"381":7,"382":7,"383":7,"384":7,"385":7,"386":7,"387":7,"388":7,"389":7,"390":7,"391":0,"392":0,"393":0,"394":0,"395":7,"396":7,"397":7,"398":7,"399":7,"400":7,"401":7,"402":7,"403":7,"404":7,"405":7,"406":7,"407":7,"408":7,"409":0,"410":0,"411":0,"412":0,"413":7,"414":7,"415":7,"416":7,"417":7,"418":7,"419":7,"420":7,"421":7,"422":7,"423":7,"424":7,"425":7,"426":7,"427":7,"428":7,"429":0,"430":0,"431":0,"432":0,"433":0,"434":0,"435":7,"436":7,"437":7,"438":7,"439":7,"440":7,"441":7,"442":7,"443":7,"444":7,"445":7,"446":7,"447":7,"448":7,"449":7,"450":3,"451":3,"452":3,"453":3,"454":3,"455":7,"456":7,"457":7,"458":7,"459":7,"460":7,"461":7,"462":7,"463":7,"464":7,"465":7,"466":7,"467":7,"468":7,"469":7,"470":7,"471":1,"472":1,"473":1,"474":1,"475":1,"476":0,"477":7,"478":7,"479":7,"480":7,"481":7,"482":7,"483":7,"484":7,"485":7,"486":7,"487":7,"488":7,"489":7,"490":7,"491":7,"492":7,"493":1,"494":1,"495":1,"496":1,"497":1,"498":7,"499":7,"500":7,"501":7,"502":7,"503":7,"504":7,"505":7,"506":7,"507":7,"508":7,"509":0,"510":0,"511":0,"512":0,"513":0,"514":0,"515":7,"516":7,"517":7,"518":7,"519":7,"520":7,"521":7,"522":7,"523":7,"524":7,"525":7,"526":0,"527":0,"528":0,"529":7,"530":7,"531":7,"532":7,"533":7,"534":7,"535":7,"536":7,"537":7,"538":7,"539":7,"540":7,"541":0,"542":0,"543":0,"544":0,"545":0,"546":0,"547":0,"548":0,"549":7,"550":7,"551":7,"552":7,"553":7,"554":7,"555":7,"556":7,"557":7,"558":7,"559":7,"560":7,"561":7,"562":7,"563":7,"564":7,"565":7,"566":7,"567":0,"568":0,"569":0,"570":0,"571":0,"572":7,"573":7,"574":7,"575":7,"576":7,"577":7,"578":7,"579":7,"580":7,"581":7,"582":7,"583":7,"584":7,"585":7,"586":0,"587":0,"588":0,"589":0,"590":7,"591":7,"592":7,"593":7,"594":7,"595":7,"596":7,"597":7,"598":7,"599":7,"600":0,"601":0,"602":0,"603":0,"604":0,"605":0,"606":0,"607":7,"608":7,"609":7,"610":7,"611":7,"612":7,"613":7,"614":7,"615":7,"616":0,"617":0,"618":0,"619":0,"620":0,"621":7,"622":7,"623":7,"624":7,"625":7,"626":7,"627":7,"628":7,"629":7,"630":7,"631":7,"632":7,"633":7,"634":7,"635":7,"636":0,"637":0,"638":0,"639":0,"640":0,"641":0,"642":7,"643":7,"644":7,"645":7,"646":7,"647":7,"648":7,"649":7,"650":7,"651":7,"652":7,"653":7,"654":7,"655":7,"656":7,"657":0,"658":0,"659":0,"660":0,"661":0,"662":0,"663":0,"664":0,"665":0,"666":0,"667":0,"668":7,"669":7,"670":7,"671":7,"672":7,"673":7,"674":7,"675":7,"676":7,"677":7,"678":7,"679":7,"680":0,"681":0,"682":0,"683":7,"684":7,"685":7,"686":7,"687":7,"688":7,"689":7,"690":7,"691":7,"692":7,"693":7,"694":7,"695":7,"696":7,"697":7,"698":0,"699":0,"700":0,"701":0,"702":0,"703":7,"704":1,"705":1,"706":1,"707":1,"708":1,"709":1,"710":1,"711":1,"712":1,"713":1,"714":1,"715":1,"716":1,"717":1,"718":1,"719":1,"720":1,"721":1,"722":1,"723":1,"724":1,"725":1,"726":1,"727":1,"728":1,"729":1,"730":1,"731":1,"732":1,"733":1,"734":1,"735":1,"736":1,"737":1,"738":1,"739":1,"740":1,"741":1,"742":1,"743":1,"744":1,"745":1,"746":1,"747":1,"748":1,"749":1,"750":1,"751":1,"752":1,"753":1,"754":1,"755":1,"756":1,"757":1,"758":1,"759":1,"760":1,"761":1,"762":1,"763":1,"764":1,"765":1,"766":1,"767":1,"768":1,"769":1},"branchMap":{"0":{"type":"branch","line":1,"loc":{"start":{"line":1,"column":0},"end":{"line":705,"column":30}},"locations":[{"start":{"line":1,"column":0},"end":{"line":705,"column":30}}]},"1":{"type":"branch","line":1,"loc":{"start":{"line":1,"column":0},"end":{"line":705,"column":27}},"locations":[{"start":{"line":1,"column":0},"end":{"line":705,"column":27}}]},"2":{"type":"branch","line":10,"loc":{"start":{"line":10,"column":30},"end":{"line":18,"column":1}},"locations":[{"start":{"line":10,"column":30},"end":{"line":18,"column":1}}]},"3":{"type":"branch","line":91,"loc":{"start":{"line":91,"column":25},"end":{"line":101,"column":17}},"locations":[{"start":{"line":91,"column":25},"end":{"line":101,"column":17}}]},"4":{"type":"branch","line":92,"loc":{"start":{"line":92,"column":5},"end":{"line":101,"column":9}},"locations":[{"start":{"line":92,"column":5},"end":{"line":101,"column":9}}]},"5":{"type":"branch","line":98,"loc":{"start":{"line":98,"column":2},"end":{"line":98,"column":22}},"locations":[{"start":{"line":98,"column":2},"end":{"line":98,"column":22}}]},"6":{"type":"branch","line":111,"loc":{"start":{"line":111,"column":49},"end":{"line":121,"column":39}},"locations":[{"start":{"line":111,"column":49},"end":{"line":121,"column":39}}]},"7":{"type":"branch","line":116,"loc":{"start":{"line":116,"column":10},"end":{"line":121,"column":31}},"locations":[{"start":{"line":116,"column":10},"end":{"line":121,"column":31}}]},"8":{"type":"branch","line":119,"loc":{"start":{"line":119,"column":10},"end":{"line":119,"column":30}},"locations":[{"start":{"line":119,"column":10},"end":{"line":119,"column":30}}]},"9":{"type":"branch","line":171,"loc":{"start":{"line":171,"column":34},"end":{"line":181,"column":18}},"locations":[{"start":{"line":171,"column":34},"end":{"line":181,"column":18}}]},"10":{"type":"branch","line":172,"loc":{"start":{"line":172,"column":43},"end":{"line":181,"column":10}},"locations":[{"start":{"line":172,"column":43},"end":{"line":181,"column":10}}]},"11":{"type":"branch","line":179,"loc":{"start":{"line":179,"column":16},"end":{"line":179,"column":36}},"locations":[{"start":{"line":179,"column":16},"end":{"line":179,"column":36}}]},"12":{"type":"branch","line":215,"loc":{"start":{"line":215,"column":0},"end":{"line":233,"column":49}},"locations":[{"start":{"line":215,"column":0},"end":{"line":233,"column":49}}]},"13":{"type":"branch","line":219,"loc":{"start":{"line":219,"column":23},"end":{"line":219,"column":28}},"locations":[{"start":{"line":219,"column":23},"end":{"line":219,"column":28}}]},"14":{"type":"branch","line":220,"loc":{"start":{"line":220,"column":3},"end":{"line":220,"column":14}},"locations":[{"start":{"line":220,"column":3},"end":{"line":220,"column":14}}]},"15":{"type":"branch","line":220,"loc":{"start":{"line":220,"column":20},"end":{"line":225,"column":4}},"locations":[{"start":{"line":220,"column":20},"end":{"line":225,"column":4}}]},"16":{"type":"branch","line":220,"loc":{"start":{"line":220,"column":166},"end":{"line":220,"column":173}},"locations":[{"start":{"line":220,"column":166},"end":{"line":220,"column":173}}]},"17":{"type":"branch","line":221,"loc":{"start":{"line":221,"column":33},"end":{"line":221,"column":49}},"locations":[{"start":{"line":221,"column":33},"end":{"line":221,"column":49}}]},"18":{"type":"branch","line":221,"loc":{"start":{"line":221,"column":55},"end":{"line":223,"column":42}},"locations":[{"start":{"line":221,"column":55},"end":{"line":223,"column":42}}]},"19":{"type":"branch","line":228,"loc":{"start":{"line":228,"column":38},"end":{"line":228,"column":53}},"locations":[{"start":{"line":228,"column":38},"end":{"line":228,"column":53}}]},"20":{"type":"branch","line":245,"loc":{"start":{"line":245,"column":10},"end":{"line":253,"column":49}},"locations":[{"start":{"line":245,"column":10},"end":{"line":253,"column":49}}]},"21":{"type":"branch","line":246,"loc":{"start":{"line":246,"column":33},"end":{"line":253,"column":41}},"locations":[{"start":{"line":246,"column":33},"end":{"line":253,"column":41}}]},"22":{"type":"branch","line":250,"loc":{"start":{"line":250,"column":13},"end":{"line":250,"column":28}},"locations":[{"start":{"line":250,"column":13},"end":{"line":250,"column":28}}]},"23":{"type":"branch","line":309,"loc":{"start":{"line":309,"column":40},"end":{"line":317,"column":101}},"locations":[{"start":{"line":309,"column":40},"end":{"line":317,"column":101}}]},"24":{"type":"branch","line":309,"loc":{"start":{"line":309,"column":91},"end":{"line":317,"column":93}},"locations":[{"start":{"line":309,"column":91},"end":{"line":317,"column":93}}]},"25":{"type":"branch","line":316,"loc":{"start":{"line":316,"column":16},"end":{"line":316,"column":36}},"locations":[{"start":{"line":316,"column":16},"end":{"line":316,"column":36}}]},"26":{"type":"branch","line":357,"loc":{"start":{"line":357,"column":55},"end":{"line":363,"column":41}},"locations":[{"start":{"line":357,"column":55},"end":{"line":363,"column":41}}]},"27":{"type":"branch","line":358,"loc":{"start":{"line":358,"column":41},"end":{"line":363,"column":33}},"locations":[{"start":{"line":358,"column":41},"end":{"line":363,"column":33}}]},"28":{"type":"branch","line":361,"loc":{"start":{"line":361,"column":17},"end":{"line":361,"column":37}},"locations":[{"start":{"line":361,"column":17},"end":{"line":361,"column":37}}]},"29":{"type":"branch","line":450,"loc":{"start":{"line":450,"column":30},"end":{"line":456,"column":22}},"locations":[{"start":{"line":450,"column":30},"end":{"line":456,"column":22}}]},"30":{"type":"branch","line":451,"loc":{"start":{"line":451,"column":33},"end":{"line":456,"column":14}},"locations":[{"start":{"line":451,"column":33},"end":{"line":456,"column":14}}]},"31":{"type":"branch","line":455,"loc":{"start":{"line":455,"column":26},"end":{"line":455,"column":46}},"locations":[{"start":{"line":455,"column":26},"end":{"line":455,"column":46}}]},"32":{"type":"branch","line":471,"loc":{"start":{"line":471,"column":10},"end":{"line":478,"column":19}},"locations":[{"start":{"line":471,"column":10},"end":{"line":478,"column":19}}]},"33":{"type":"branch","line":472,"loc":{"start":{"line":472,"column":32},"end":{"line":478,"column":11}},"locations":[{"start":{"line":472,"column":32},"end":{"line":478,"column":11}}]},"34":{"type":"branch","line":476,"loc":{"start":{"line":476,"column":33},"end":{"line":476,"column":43}},"locations":[{"start":{"line":476,"column":33},"end":{"line":476,"column":43}}]},"35":{"type":"branch","line":476,"loc":{"start":{"line":476,"column":82},"end":{"line":476,"column":102}},"locations":[{"start":{"line":476,"column":82},"end":{"line":476,"column":102}}]},"36":{"type":"branch","line":493,"loc":{"start":{"line":493,"column":14},"end":{"line":499,"column":1}},"locations":[{"start":{"line":493,"column":14},"end":{"line":499,"column":1}}]},"37":{"type":"branch","line":495,"loc":{"start":{"line":495,"column":36},"end":{"line":498,"column":38}},"locations":[{"start":{"line":495,"column":36},"end":{"line":498,"column":38}}]},"38":{"type":"branch","line":497,"loc":{"start":{"line":497,"column":59},"end":{"line":497,"column":74}},"locations":[{"start":{"line":497,"column":59},"end":{"line":497,"column":74}}]}},"b":{"0":[7],"1":[7],"2":[14],"3":[1],"4":[1],"5":[1],"6":[2],"7":[2],"8":[2],"9":[7],"10":[7],"11":[7],"12":[5],"13":[0],"14":[6],"15":[6],"16":[4],"17":[4],"18":[4],"19":[5],"20":[7],"21":[7],"22":[7],"23":[1],"24":[1],"25":[1],"26":[1],"27":[1],"28":[1],"29":[3],"30":[3],"31":[3],"32":[1],"33":[1],"34":[0],"35":[1],"36":[1],"37":[1],"38":[1]},"fnMap":{"0":{"name":"Object.<anonymous>","decl":{"start":{"line":1,"column":0},"end":{"line":705,"column":27}},"loc":{"start":{"line":1,"column":0},"end":{"line":705,"column":27}},"line":1},"1":{"name":"PowerDNSAdvancedClient","decl":{"start":{"line":10,"column":30},"end":{"line":18,"column":1}},"loc":{"start":{"line":10,"column":30},"end":{"line":18,"column":1}},"line":10},"2":{"name":"useServer","decl":{"start":{"line":19,"column":59},"end":{"line":24,"column":12}},"loc":{"start":{"line":19,"column":59},"end":{"line":24,"column":12}},"line":19},"3":{"name":"getServers","decl":{"start":{"line":30,"column":29},"end":{"line":40,"column":9}},"loc":{"start":{"line":30,"column":29},"end":{"line":40,"column":9}},"line":30},"4":{"name":"getServer","decl":{"start":{"line":55,"column":77},"end":{"line":64,"column":34}},"loc":{"start":{"line":55,"column":77},"end":{"line":64,"column":34}},"line":55},"5":{"name":"getConfigs","decl":{"start":{"line":72,"column":22},"end":{"line":81,"column":40}},"loc":{"start":{"line":72,"column":22},"end":{"line":81,"column":40}},"line":72},"6":{"name":"getZones","decl":{"start":{"line":91,"column":25},"end":{"line":101,"column":17}},"loc":{"start":{"line":91,"column":25},"end":{"line":101,"column":17}},"line":91},"7":{"name":"getZone","decl":{"start":{"line":111,"column":49},"end":{"line":121,"column":39}},"loc":{"start":{"line":111,"column":49},"end":{"line":121,"column":39}},"line":111},"8":{"name":"exportZone","decl":{"start":{"line":130,"column":23},"end":{"line":139,"column":25}},"loc":{"start":{"line":130,"column":23},"end":{"line":139,"column":25}},"line":130},"9":{"name":"rectifyZone","decl":{"start":{"line":150,"column":97},"end":{"line":160,"column":25}},"loc":{"start":{"line":150,"column":97},"end":{"line":160,"column":25}},"line":150},"10":{"name":"createZone","decl":{"start":{"line":171,"column":34},"end":{"line":181,"column":18}},"loc":{"start":{"line":171,"column":34},"end":{"line":181,"column":18}},"line":171},"11":{"name":"updateZone","decl":{"start":{"line":198,"column":30},"end":{"line":205,"column":26}},"loc":{"start":{"line":198,"column":30},"end":{"line":205,"column":26}},"line":198},"12":{"name":"deleteZone","decl":{"start":{"line":245,"column":10},"end":{"line":253,"column":49}},"loc":{"start":{"line":245,"column":10},"end":{"line":253,"column":49}},"line":245},"13":{"name":"retrieveSlaveFromMaster","decl":{"start":{"line":265,"column":80},"end":{"line":276,"column":19}},"loc":{"start":{"line":265,"column":80},"end":{"line":276,"column":19}},"line":265},"14":{"name":"notifyAllSlaves","decl":{"start":{"line":290,"column":7},"end":{"line":297,"column":82}},"loc":{"start":{"line":290,"column":7},"end":{"line":297,"column":82}},"line":290},"15":{"name":"getCryptoKeys","decl":{"start":{"line":309,"column":40},"end":{"line":317,"column":101}},"loc":{"start":{"line":309,"column":40},"end":{"line":317,"column":101}},"line":309},"16":{"name":"getCryptoKey","decl":{"start":{"line":329,"column":20},"end":{"line":338,"column":38}},"loc":{"start":{"line":329,"column":20},"end":{"line":338,"column":38}},"line":329},"17":{"name":"createCryptoKey","decl":{"start":{"line":357,"column":55},"end":{"line":363,"column":41}},"loc":{"start":{"line":357,"column":55},"end":{"line":363,"column":41}},"line":357},"18":{"name":"toggleCryptoKeyActiveState","decl":{"start":{"line":373,"column":39},"end":{"line":379,"column":303}},"loc":{"start":{"line":373,"column":39},"end":{"line":379,"column":303}},"line":373},"19":{"name":"deleteCryptoKey","decl":{"start":{"line":391,"column":37},"end":{"line":395,"column":61}},"loc":{"start":{"line":391,"column":37},"end":{"line":395,"column":61}},"line":391},"20":{"name":"getMetadata","decl":{"start":{"line":409,"column":11},"end":{"line":414,"column":128}},"loc":{"start":{"line":409,"column":11},"end":{"line":414,"column":128}},"line":409},"21":{"name":"getMetadataContents","decl":{"start":{"line":429,"column":44},"end":{"line":436,"column":27}},"loc":{"start":{"line":429,"column":44},"end":{"line":436,"column":27}},"line":429},"22":{"name":"createMetadata","decl":{"start":{"line":450,"column":30},"end":{"line":456,"column":22}},"loc":{"start":{"line":450,"column":30},"end":{"line":456,"column":22}},"line":450},"23":{"name":"updateMetadata","decl":{"start":{"line":471,"column":10},"end":{"line":478,"column":19}},"loc":{"start":{"line":471,"column":10},"end":{"line":478,"column":19}},"line":471},"24":{"name":"deleteMetadata","decl":{"start":{"line":493,"column":14},"end":{"line":499,"column":1}},"loc":{"start":{"line":493,"column":14},"end":{"line":499,"column":1}},"line":493},"25":{"name":"getTSIGKeys","decl":{"start":{"line":509,"column":40},"end":{"line":516,"column":6}},"loc":{"start":{"line":509,"column":40},"end":{"line":516,"column":6}},"line":509},"26":{"name":"getTSIGKey","decl":{"start":{"line":526,"column":8},"end":{"line":530,"column":40}},"loc":{"start":{"line":526,"column":8},"end":{"line":530,"column":40}},"line":526},"27":{"name":"createTSIGKey","decl":{"start":{"line":541,"column":27},"end":{"line":550,"column":13}},"loc":{"start":{"line":541,"column":27},"end":{"line":550,"column":13}},"line":541},"28":{"name":"updateTSIGKey","decl":{"start":{"line":567,"column":42},"end":{"line":573,"column":43}},"loc":{"start":{"line":567,"column":42},"end":{"line":573,"column":43}},"line":567},"29":{"name":"deleteTSIGKey","decl":{"start":{"line":586,"column":8},"end":{"line":591,"column":3}},"loc":{"start":{"line":586,"column":8},"end":{"line":591,"column":3}},"line":586},"30":{"name":"getAutoPrimaries","decl":{"start":{"line":600,"column":39},"end":{"line":608,"column":48}},"loc":{"start":{"line":600,"column":39},"end":{"line":608,"column":48}},"line":600},"31":{"name":"addAutoPrimary","decl":{"start":{"line":616,"column":45},"end":{"line":622,"column":33}},"loc":{"start":{"line":616,"column":45},"end":{"line":622,"column":33}},"line":616},"32":{"name":"deleteAutoPrimary","decl":{"start":{"line":636,"column":6},"end":{"line":643,"column":3}},"loc":{"start":{"line":636,"column":6},"end":{"line":643,"column":3}},"line":636},"33":{"name":"search","decl":{"start":{"line":657,"column":6},"end":{"line":669,"column":14}},"loc":{"start":{"line":657,"column":6},"end":{"line":669,"column":14}},"line":657},"34":{"name":"getStatistics","decl":{"start":{"line":680,"column":3},"end":{"line":684,"column":59}},"loc":{"start":{"line":680,"column":3},"end":{"line":684,"column":59}},"line":680},"35":{"name":"flushCache","decl":{"start":{"line":698,"column":2},"end":{"line":704,"column":5}},"loc":{"start":{"line":698,"column":2},"end":{"line":704,"column":5}},"line":698}},"f":{"0":7,"1":14,"2":0,"3":0,"4":0,"5":0,"6":1,"7":2,"8":0,"9":0,"10":7,"11":0,"12":7,"13":0,"14":0,"15":1,"16":0,"17":1,"18":0,"19":0,"20":0,"21":0,"22":3,"23":1,"24":1,"25":0,"26":0,"27":0,"28":0,"29":0,"30":0,"31":0,"32":0,"33":0,"34":0,"35":0}}
,"E:\\Github\\powerdns\\src\\lib\\client\\simple-client.ts": {"path":"E:\\Github\\powerdns\\src\\lib\\client\\simple-client.ts","all":false,"statementMap":{"0":{"start":{"line":1,"column":0},"end":{"line":1,"column":57}},"1":{"start":{"line":2,"column":0},"end":{"line":2,"column":117}},"2":{"start":{"line":3,"column":0},"end":{"line":3,"column":103}},"3":{"start":{"line":4,"column":0},"end":{"line":4,"column":64}},"4":{"start":{"line":5,"column":0},"end":{"line":5,"column":111}},"5":{"start":{"line":6,"column":0},"end":{"line":6,"column":79}},"6":{"start":{"line":7,"column":0},"end":{"line":7,"column":38}},"7":{"start":{"line":8,"column":0},"end":{"line":8,"column":86}},"8":{"start":{"line":9,"column":0},"end":{"line":9,"column":86}},"9":{"start":{"line":10,"column":0},"end":{"line":10,"column":57}},"10":{"start":{"line":11,"column":0},"end":{"line":11,"column":65}},"11":{"start":{"line":12,"column":0},"end":{"line":12,"column":0}},"12":{"start":{"line":13,"column":0},"end":{"line":13,"column":35}},"13":{"start":{"line":14,"column":0},"end":{"line":14,"column":0}},"14":{"start":{"line":15,"column":0},"end":{"line":15,"column":22}},"15":{"start":{"line":16,"column":0},"end":{"line":16,"column":113}},"16":{"start":{"line":17,"column":0},"end":{"line":17,"column":0}},"17":{"start":{"line":18,"column":0},"end":{"line":18,"column":7}},"18":{"start":{"line":19,"column":0},"end":{"line":19,"column":18}},"19":{"start":{"line":20,"column":0},"end":{"line":20,"column":21}},"20":{"start":{"line":21,"column":0},"end":{"line":21,"column":28}},"21":{"start":{"line":22,"column":0},"end":{"line":22,"column":7}},"22":{"start":{"line":23,"column":0},"end":{"line":23,"column":16}},"23":{"start":{"line":24,"column":0},"end":{"line":24,"column":42}},"24":{"start":{"line":25,"column":0},"end":{"line":25,"column":52}},"25":{"start":{"line":26,"column":0},"end":{"line":26,"column":7}},"26":{"start":{"line":27,"column":0},"end":{"line":27,"column":0}},"27":{"start":{"line":28,"column":0},"end":{"line":28,"column":7}},"28":{"start":{"line":29,"column":0},"end":{"line":29,"column":67}},"29":{"start":{"line":30,"column":0},"end":{"line":30,"column":6}},"30":{"start":{"line":31,"column":0},"end":{"line":31,"column":24}},"31":{"start":{"line":32,"column":0},"end":{"line":32,"column":43}},"32":{"start":{"line":33,"column":0},"end":{"line":33,"column":7}},"33":{"start":{"line":34,"column":0},"end":{"line":34,"column":55}},"34":{"start":{"line":35,"column":0},"end":{"line":35,"column":106}},"35":{"start":{"line":36,"column":0},"end":{"line":36,"column":5}},"36":{"start":{"line":37,"column":0},"end":{"line":37,"column":0}},"37":{"start":{"line":38,"column":0},"end":{"line":38,"column":7}},"38":{"start":{"line":39,"column":0},"end":{"line":39,"column":35}},"39":{"start":{"line":40,"column":0},"end":{"line":40,"column":98}},"40":{"start":{"line":41,"column":0},"end":{"line":41,"column":6}},"41":{"start":{"line":42,"column":0},"end":{"line":42,"column":50}},"42":{"start":{"line":43,"column":0},"end":{"line":43,"column":43}},"43":{"start":{"line":44,"column":0},"end":{"line":44,"column":41}},"44":{"start":{"line":45,"column":0},"end":{"line":45,"column":40}},"45":{"start":{"line":46,"column":0},"end":{"line":46,"column":52}},"46":{"start":{"line":47,"column":0},"end":{"line":47,"column":52}},"47":{"start":{"line":48,"column":0},"end":{"line":48,"column":40}},"48":{"start":{"line":49,"column":0},"end":{"line":49,"column":7}},"49":{"start":{"line":50,"column":0},"end":{"line":50,"column":86}},"50":{"start":{"line":51,"column":0},"end":{"line":51,"column":49}},"51":{"start":{"line":52,"column":0},"end":{"line":52,"column":5}},"52":{"start":{"line":53,"column":0},"end":{"line":53,"column":0}},"53":{"start":{"line":54,"column":0},"end":{"line":54,"column":7}},"54":{"start":{"line":55,"column":0},"end":{"line":55,"column":49}},"55":{"start":{"line":56,"column":0},"end":{"line":56,"column":6}},"56":{"start":{"line":57,"column":0},"end":{"line":57,"column":47}},"57":{"start":{"line":58,"column":0},"end":{"line":58,"column":50}},"58":{"start":{"line":59,"column":0},"end":{"line":59,"column":43}},"59":{"start":{"line":60,"column":0},"end":{"line":60,"column":41}},"60":{"start":{"line":61,"column":0},"end":{"line":61,"column":40}},"61":{"start":{"line":62,"column":0},"end":{"line":62,"column":52}},"62":{"start":{"line":63,"column":0},"end":{"line":63,"column":52}},"63":{"start":{"line":64,"column":0},"end":{"line":64,"column":29}},"64":{"start":{"line":65,"column":0},"end":{"line":65,"column":7}},"65":{"start":{"line":66,"column":0},"end":{"line":66,"column":98}},"66":{"start":{"line":67,"column":0},"end":{"line":67,"column":52}},"67":{"start":{"line":68,"column":0},"end":{"line":68,"column":31}},"68":{"start":{"line":69,"column":0},"end":{"line":69,"column":25}},"69":{"start":{"line":70,"column":0},"end":{"line":70,"column":11}},"70":{"start":{"line":71,"column":0},"end":{"line":71,"column":5}},"71":{"start":{"line":72,"column":0},"end":{"line":72,"column":0}},"72":{"start":{"line":73,"column":0},"end":{"line":73,"column":7}},"73":{"start":{"line":74,
[...]
ne":478,"column":30}},"478":{"start":{"line":479,"column":0},"end":{"line":479,"column":47}},"479":{"start":{"line":480,"column":0},"end":{"line":480,"column":19}},"480":{"start":{"line":481,"column":0},"end":{"line":481,"column":0}},"481":{"start":{"line":482,"column":0},"end":{"line":482,"column":36}},"482":{"start":{"line":483,"column":0},"end":{"line":483,"column":87}},"483":{"start":{"line":484,"column":0},"end":{"line":484,"column":75}},"484":{"start":{"line":485,"column":0},"end":{"line":485,"column":39}},"485":{"start":{"line":486,"column":0},"end":{"line":486,"column":36}},"486":{"start":{"line":487,"column":0},"end":{"line":487,"column":23}},"487":{"start":{"line":488,"column":0},"end":{"line":488,"column":17}},"488":{"start":{"line":489,"column":0},"end":{"line":489,"column":0}},"489":{"start":{"line":490,"column":0},"end":{"line":490,"column":31}},"490":{"start":{"line":491,"column":0},"end":{"line":491,"column":30}},"491":{"start":{"line":492,"column":0},"end":{"line":492,"column":0}},"492":{"start":{"line":493,"column":0},"end":{"line":493,"column":22}},"493":{"start":{"line":494,"column":0},"end":{"line":494,"column":26}},"494":{"start":{"line":495,"column":0},"end":{"line":495,"column":13}},"495":{"start":{"line":496,"column":0},"end":{"line":496,"column":11}},"496":{"start":{"line":497,"column":0},"end":{"line":497,"column":5}},"497":{"start":{"line":498,"column":0},"end":{"line":498,"column":0}},"498":{"start":{"line":499,"column":0},"end":{"line":499,"column":1}}},"s":{"0":7,"1":7,"2":7,"3":7,"4":7,"5":7,"6":7,"7":7,"8":7,"9":7,"10":7,"11":7,"12":7,"13":7,"14":7,"15":0,"16":0,"17":7,"18":7,"19":7,"20":7,"21":7,"22":7,"23":7,"24":7,"25":7,"26":7,"27":7,"28":7,"29":7,"30":7,"31":7,"32":7,"33":7,"34":7,"35":1,"36":1,"37":1,"38":7,"39":7,"40":7,"41":7,"42":7,"43":7,"44":7,"45":7,"46":7,"47":7,"48":0,"49":0,"50":7,"51":7,"52":7,"53":7,"54":7,"55":7,"56":7,"57":7,"58":7,"59":7,"60":7,"61":7,"62":1,"63":1,"64":1,"65":1,"66":0,"67":1,"68":1,"69":0,"70":0,"71":0,"72":0,"73":7,"74":7,"75":7,"76":7,"77":7,"78":7,"79":7,"80":7,"81":7,"82":7,"83":7,"84":3,"85":7,"86":7,"87":7,"88":7,"89":7,"90":7,"91":7,"92":7,"93":7,"94":7,"95":7,"96":7,"97":7,"98":7,"99":3,"100":7,"101":7,"102":7,"103":7,"104":7,"105":7,"106":7,"107":7,"108":7,"109":7,"110":7,"111":7,"112":0,"113":0,"114":0,"115":0,"116":0,"117":0,"118":0,"119":0,"120":0,"121":0,"122":0,"123":0,"124":0,"125":0,"126":7,"127":7,"128":7,"129":7,"130":7,"131":7,"132":7,"133":7,"134":7,"135":7,"136":7,"137":0,"138":0,"139":0,"140":0,"141":0,"142":0,"143":0,"144":0,"145":0,"146":0,"147":0,"148":0,"149":0,"150":0,"151":7,"152":7,"153":7,"154":7,"155":2,"156":2,"157":2,"158":2,"159":2,"160":2,"161":2,"162":3,"163":3,"164":3,"165":0,"166":0,"167":0,"168":0,"169":0,"170":0,"171":0,"172":0,"173":0,"174":0,"175":0,"176":0,"177":3,"178":2,"179":2,"180":7,"181":7,"182":7,"183":7,"184":7,"185":7,"186":7,"187":7,"188":7,"189":7,"190":7,"191":7,"192":7,"193":7,"194":7,"195":7,"196":2,"197":2,"198":2,"199":2,"200":2,"201":2,"202":2,"203":2,"204":2,"205":0,"206":2,"207":2,"208":2,"209":2,"210":2,"211":2,"212":2,"213":2,"214":2,"215":2,"216":2,"217":1,"218":1,"219":1,"220":2,"221":2,"222":2,"223":2,"224":2,"225":2,"226":2,"227":2,"228":0,"229":0,"230":0,"231":0,"232":0,"233":0,"234":0,"235":0,"236":0,"237":0,"238":0,"239":0,"240":0,"241":0,"242":0,"243":2,"244":2,"245":2,"246":2,"247":2,"248":2,"249":2,"250":2,"251":2,"252":2,"253":2,"254":2,"255":2,"256":7,"257":7,"258":7,"259":7,"260":7,"261":7,"262":7,"263":7,"264":7,"265":7,"266":7,"267":7,"268":7,"269":7,"270":7,"271":7,"272":7,"273":7,"274":7,"275":7,"276":7,"277":7,"278":7,"279":5,"280":5,"281":5,"282":5,"283":5,"284":5,"285":5,"286":5,"287":5,"288":5,"289":5,"290":5,"291":6,"292":6,"293":6,"294":6,"295":6,"296":6,"297":6,"298":6,"299":6,"300":6,"301":4,"302":6,"303":5,"304":5,"305":5,"306":5,"307":5,"308":6,"309":6,"310":6,"311":6,"312":6,"313":6,"314":6,"315":5,"316":5,"317":5,"318":0,"319":0,"320":5,"321":7,"322":7,"323":7,"324":7,"325":7,"326":7,"327":0,"328":0,"329":0,"330":7,"331":7,"332":7,"333":7,"334":7,"335":7,"336":7,"337":0,"338":0,"339":0,"340":0,"341":0,"342":0,"343":0,"344":0,"345":0,"346":0,"347":0,"348":0,"349":0,"350":0,"351":0,"352":0,"353":0,"354":0,"355":0,"356":0,"357":0,"358":0,"359":0,"360":0,"361":0,"362":0,"363":0,"364":0,"365":0,"366":0,"367":0,"368":0,"369":0,"370":0,"371":0,"372":0,"373":0,"374":0,"375":0,"376":0,"377":0,"378":0,"379":0,"380":0,"381":0,"382":0,"383":0,"384":0,"385":0,"386":0,"387":0,"388":0,"389":0,"390":0,"391":0,"392":0,"393":0,"394":0,"395":0,"396":0,"397":7,"398":7,"399":7,"400":7,"401":7,"402":7,"403":1,"404":1,"405":1,"406":1,"407":1,"408":1,"409":1,"410":1,"411":1,"412":1,"413":1,"414":1,"415":1,"416":0,"417":0,"418":0,"419":1,"420":1,"421":1,"422":1,"423":1,"424":1,"425":1,"426":1,"427":1,"428":1,"429":1,"430":1,"431":1,"432":1,"433":1,"434":1,"435":1,"436":1,"437":1,"438":1,"439":1,"440":1,"441":1,"442":1,"443":1,"444":1,"445":1,"446":1,"447":1,"448":1,"449":1,"450":1,"451":1,"452":1,"453":1,"454":1,"455":1,"456":1,"457":1,"458":1,"459":1,"460":1,"461":1,"462":1,"463":1,"464":1,"465":7,"466":7,"467":7,"468":1,"469":1,"470":1,"471":1,"472":1,"473":1,"474":1,"475":1,"476":1,"477":1,"478":1,"479":1,"480":1,"481":1,"482":1,"483":1,"484":1,"485":1,"486":1,"487":1,"488":1,"489":1,"490":1,"491":1,"492":1,"493":1,"494":1,"495":1,"496":1,"497":1,"498":1},"branchMap":{"0":{"type":"branch","line":1,"loc":{"start":{"line":1,"column":0},"end":{"line":469,"column":28}},"locations":[{"start":{"line":1,"column":0},"end":{"line":469,"column":28}}]},"1":{"type":"branch","line":1,"loc":{"start":{"line":1,"column":0},"end":{"line":469,"column":25}},"locations":[{"start":{"line":1,"column":0},"end":{"line":469,"column":25}}]},"2":{"type":"branch","line":6,"loc":{"start":{"line":6,"column":41},"end":{"line":10,"column":14}},"locations":[{"start":{"line":6,"column":41},"end":{"line":10,"column":14}}]},"3":{"type":"branch","line":35,"loc":{"start":{"line":35,"column":52},"end":{"line":39,"column":3}},"locations":[{"start":{"line":35,"column":52},"end":{"line":39,"column":3}}]},"4":{"type":"branch","line":62,"loc":{"start":{"line":62,"column":38},"end":{"line":74,"column":18}},"locations":[{"start":{"line":62,"column":38},"end":{"line":74,"column":18}}]},"5":{"type":"branch","line":63,"loc":{"start":{"line":63,"column":35},"end":{"line":74,"column":10}},"locations":[{"start":{"line":63,"column":35},"end":{"line":74,"column":10}}]},"6":{"type":"branch","line":69,"loc":{"start":{"line":69,"column":6},"end":{"line":74,"column":0}},"locations":[{"start":{"line":69,"column":6},"end":{"line":74,"column":0}}]},"7":{"type":"branch","line":84,"loc":{"start":{"line":84,"column":37},"end":{"line":86,"column":73}},"locations":[{"start":{"line":84,"column":37},"end":{"line":86,"column":73}}]},"8":{"type":"branch","line":99,"loc":{"start":{"line":99,"column":20},"end":{"line":101,"column":22}},"locations":[{"start":{"line":99,"column":20},"end":{"line":101,"column":22}}]},"9":{"type":"branch","line":155,"loc":{"start":{"line":155,"column":8},"end":{"line":181,"column":69}},"locations":[{"start":{"line":155,"column":8},"end":{"line":181,"column":69}}]},"10":{"type":"branch","line":156,"loc":{"start":{"line":156,"column":28},"end":{"line":181,"column":61}},"locations":[{"start":{"line":156,"column":28},"end":{"line":181,"column":61}}]},"11":{"type":"branch","line":159,"loc":{"start":{"line":159,"column":18},"end":{"line":181,"column":18}},"locations":[{"start":{"line":159,"column":18},"end":{"line":181,"column":18}}]},"12":{"type":"branch","line":161,"loc":{"start":{"line":161,"column":55},"end":{"line":161,"column":60}},"locations":[{"start":{"line":161,"column":55},"end":{"line":161,"column":60}}]},"13":{"type":"branch","line":161,"loc":{"start":{"line":161,"column":63},"end":{"line":178,"column":19}},"locations":[{"start":{"line":161,"column":63},"end":{"line":178,"column":19}}]},"14":{"type":"branch","line":162,"loc":{"start":{"line":162,"column":-2},"end":{"line":163,"column":36}},"locations":[{"start":{"line":162,"column":-2},"end":{"line":163,"column":36}}]},"15":{"type":"branch","line":164,"loc":{"start":{"line":164,"column":13},"end":{"line":164,"column":22}},"locations":[{"start":{"line":164,"column":13},"end":{"line":164,"column":22}}]},"16":{"type":"branch","line":164,"loc":{"start":{"line":164,"column":22},"end":{"line":165,"column":12}},"locations":[{"start":{"line":164,"column":22},"end":{"line":165,"column":12}}]},"17":{"type":"branch","line":165,"loc":{"start":{"line":165,"column":12},"end":{"line":178,"column":1}},"locations":[{"start":{"line":165,"column":12},"end":{"line":178,"column":1}}]},"18":{"type":"branch","line":187,"loc":{"start":{"line":187,"column":53},"end":{"line":188,"column":31}},"locations":[{"start":{"line":187,"column":53},"end":{"line":188,"column":31}}]},"19":{"type":"branch","line":196,"loc":{"start":{"line":196,"column":4},"end":{"line":257,"column":142}},"locations":[{"start":{"line":196,"column":4},"end":{"line":257,"column":142}}]},"20":{"type":"branch","line":198,"loc":{"start":{"line":198,"column":15},"end":{"line":257,"column":134}},"locations":[{"start":{"line":198,"column":15},"end":{"line":257,"column":134}}]},"21":{"type":"branch","line":205,"loc":{"start":{"line":205,"column":31},"end":{"line":207,"column":35}},"locations":[{"start":{"line":205,"column":31},"end":{"line":207,"column":35}}]},"22":{"type":"branch","line":210,"loc":{"start":{"line":210,"column":0},"end":{"line":210,"column":36}},"locations":[{"start":{"line":210,"column":0},"end":{"line":210,"column":36}}]},"23":{"type":"branch","line":217,"loc":{"start":{"line":217,"column":25},"end":{"line":221,"column":33}},"locations":[{"start":{"line":217,"column":25},"end":{"line":221,"column":33}}]},"24":{"type":"branch","line":228,"loc":{"start":{"line":228,"column":38},"end":{"line":243,"column":63}},"locations":[{"start":{"line":228,"column":38},"end":{"line":243,"column":63}}]},"25":{"type":"branch","line":252,"loc":{"start":{"line":252,"column":13},"end":{"line":252,"column":29}},"locations":[{"start":{"line":252,"column":13},"end":{"line":252,"column":29}}]},"26":{"type":"branch","line":252,"loc":{"start":{"line":252,"column":49},"end":{"line":252,"column":53}},"locations":[{"start":{"line":252,"column":49},"end":{"line":252,"column":53}}]},"27":{"type":"branch","line":255,"loc":{"start":{"line":255,"column":4},"end":{"line":255,"column":20}},"locations":[{"start":{"line":255,"column":4},"end":{"line":255,"column":20}}]},"28":{"type":"branch","line":256,"loc":{"start":{"line":256,"column":4},"end":{"line":256,"column":8}},"locations":[{"start":{"line":256,"column":4},"end":{"line":256,"column":8}}]},"29":{"type":"branch","line":257,"loc":{"start":{"line":257,"column":72},"end":{"line":257,"column":124}},"locations":[{"start":{"line":257,"column":72},"end":{"line":257,"column":124}}]},"30":{"type":"branch","line":266,"loc":{"start":{"line":266,"column":20},"end":{"line":267,"column":69}},"locations":[{"start":{"line":266,"column":20},"end":{"line":267,"column":69}}]},"31":{"type":"branch","line":279,"loc":{"start":{"line":279,"column":18},"end":{"line":322,"column":3}},"locations":[{"start":{"line":279,"column":18},"end":{"line":322,"column":3}}]},"32":{"type":"branch","line":285,"loc":{"start":{"line":285,"column":5},"end":{"line":321,"column":31}},"locations":[{"start":{"line":285,"column":5},"end":{"line":321,"column":31}}]},"33":{"type":"branch","line":288,"loc":{"start":{"line":288,"column":18},"end":{"line":289,"column":35}},"locations":[{"start":{"line":288,"column":18},"end":{"line":289,"column":35}}]},"34":{"type":"branch","line":318,"loc":{"start":{"line":318,"column":29},"end":{"line":321,"column":21}},"locations":[{"start":{"line":318,"column":29},"end":{"line":321,"column":21}}]},"35":{"type":"branch","line":291,"loc":{"start":{"line":291,"column":30},"end":{"line":304,"column":17}},"locations":[{"start":{"line":291,"column":30},"end":{"line":304,"column":17}}]},"36":{"type":"branch","line":296,"loc":{"start":{"line":296,"column":83},"end":{"line":297,"column":11}},"locations":[{"start":{"line":296,"column":83},"end":{"line":297,"column":11}}]},"37":{"type":"branch","line":297,"loc":{"start":{"line":297,"column":12},"end":{"line":297,"column":30}},"locations":[{"start":{"line":297,"column":12},"end":{"line":297,"column":30}}]},"38":{"type":"branch","line":297,"loc":{"start":{"line":297,"column":31},"end":{"line":297,"column":35}},"locations":[{"start":{"line":297,"column":31},"end":{"line":297,"column":35}}]},"39":{"type":"branch","line":301,"loc":{"start":{"line":301,"column":30},"end":{"line":303,"column":41}},"locations":[{"start":{"line":301,"column":30},"end":{"line":303,"column":41}}]},"40":{"type":"branch","line":303,"loc":{"start":{"line":303,"column":6},"end":{"line":303,"column":22}},"locations":[{"start":{"line":303,"column":6},"end":{"line":303,"column":22}}]},"41":{"type":"branch","line":303,"loc":{"start":{"line":303,"column":23},"end":{"line":303,"column":41}},"locations":[{"start":{"line":303,"column":23},"end":{"line":303,"column":41}}]},"42":{"type":"branch","line":303,"loc":{"start":{"line":303,"column":42},"end":{"line":303,"column":46}},"locations":[{"start":{"line":303,"column":42},"end":{"line":303,"column":46}}]},"43":{"type":"branch","line":308,"loc":{"start":{"line":308,"column":3},"end":{"line":316,"column":42}},"locations":[{"start":{"line":308,"column":3},"end":{"line":316,"column":42}}]},"44":{"type":"branch","line":312,"loc":{"start":{"line":312,"column":85},"end":{"line":313,"column":31}},"locations":[{"start":{"line":312,"column":85},"end":{"line":313,"column":31}}]},"45":{"type":"branch","line":316,"loc":{"start":{"line":316,"column":0},"end":{"line":316,"column":21}},"locations":[{"start":{"line":316,"column":0},"end":{"line":316,"column":21}}]},"46":{"type":"branch","line":403,"loc":{"start":{"line":403,"column":27},"end":{"line":466,"column":13}},"locations":[{"start":{"line":403,"column":27},"end":{"line":466,"column":13}}]},"47":{"type":"branch","line":404,"loc":{"start":{"line":404,"column":33},"end":{"line":466,"column":5}},"locations":[{"start":{"line":404,"column":33},"end":{"line":466,"column":5}}]},"48":{"type":"branch","line":406,"loc":{"start":{"line":406,"column":3},"end":{"line":407,"column":4}},"locations":[{"start":{"line":406,"column":3},"end":{"line":407,"column":4}}]},"49":{"type":"branch","line":409,"loc":{"start":{"line":409,"column":15},"end":{"line":409,"column":23}},"locations":[{"start":{"line":409,"column":15},"end":{"line":409,"column":23}}]},"50":{"type":"branch","line":412,"loc":{"start":{"line":412,"column":17},"end":{"line":413,"column":21}},"locations":[{"start":{"line":412,"column":17},"end":{"line":413,"column":21}}]},"51":{"type":"branch","line":414,"loc":{"start":{"line":414,"column":7},"end":{"line":414,"column":15}},"locations":[{"start":{"line":414,"column":7},"end":{"line":414,"column":15}}]},"52":{"type":"branch","line":415,"loc":{"start":{"line":415,"column":19},"end":{"line":416,"column":21}},"locations":[{"start":{"line":415,"column":19},"end":{"line":416,"column":21}}]},"53":{"type":"branch","line":416,"loc":{"start":{"line":416,"column":90},"end":{"line":420,"column":10}},"locations":[{"start":{"line":416,"column":90},"end":{"line":420,"column":10}}]},"54":{"type":"branch","line":424,"loc":{"start":{"line":424,"column":8},"end":{"line":425,"column":1}},"locations":[{"start":{"line":424,"column":8},"end":{"line":425,"column":1}}]},"55":{"type":"branch","line":429,"loc":{"start":{"line":429,"column":14},"end":{"line":430,"column":3}},"locations":[{"start":{"line":429,"column":14},"end":{"line":430,"column":3}}]},"56":{"type":"branch","line":465,"loc":{"start":{"line":465,"column":52},"end":{"line":465,"column":104}},"locations":[{"start":{"line":465,"column":52},"end":{"line":465,"column":104}}]},"57":{"type":"branch","line":435,"loc":{"start":{"line":435,"column":15},"end":{"line":436,"column":6}},"locations":[{"start":{"line":435,"column":15},"end":{"line":436,"column":6}}]}},"b":{"0":[7],"1":[7],"2":[7],"3":[1],"4":[1],"5":[1],"6":[0],"7":[3],"8":[3],"9":[2],"10":[2],"11":[2],"12":[0],"13":[3],"14":[2],"15":[2],"16":[1],"17":[0],"18":[2],"19":[2],"20":[2],"21":[0],"22":[0],"23":[1],"24":[0],"25":[0],"26":[0],"27":[0],"28":[0],"29":[0],"30":[2],"31":[5],"32":[5],"33":[0],"34":[0],"35":[6],"36":[4],"37":[2],"38":[0],"39":[4],"40":[2],"41":[2],"42":[2],"43":[6],"44":[7],"45":[4],"46":[1],"47":[1],"48":[0],"49":[0],"50":[0],"51":[0],"52":[0],"53":[0],"54":[0],"55":[0],"56":[0],"57":[2]},"fnMap":{"0":{"name":"Object.<anonymous>","decl":{"start":{"line":1,"column":0},"end":{"line":469,"column":25}},"loc":{"start":{"line":1,"column":0},"end":{"line":469,"column":25}},"line":1},"1":{"name":"PowerDNSSimpleClient","decl":{"start":{"line":6,"column":41},"end":{"line":10,"column":14}},"loc":{"start":{"line":6,"column":41},"end":{"line":10,"column":14}},"line":6},"2":{"name":"useServer","decl":{"start":{"line":15,"column":12},"end":{"line":18,"column":5}},"loc":{"start":{"line":15,"column":12},"end":{"line":18,"column":5}},"line":15},"3":{"name":"getDomains","decl":{"start":{"line":35,"column":52},"end":{"line":39,"column":3}},"loc":{"start":{"line":35,"column":52},"end":{"line":39,"column":3}},"line":35},"4":{"name":"getDomain","decl":{"start":{"line":48,"column":8},"end":{"line":51,"column":29}},"loc":{"start":{"line":48,"column":8},"end":{"line":51,"column":29}},"line":48},"5":{"name":"hasDomain","decl":{"start":{"line":62,"column":38},"end":{"line":74,"column":18}},"loc":{"start":{"line":62,"column":38},"end":{"line":74,"column":18}},"line":62},"6":{"name":"createDomain","decl":{"start":{"line":84,"column":37},"end":{"line":86,"column":73}},"loc":{"start":{"line":84,"column":37},"end":{"line":86,"column":73}},"line":84},"7":{"name":"deleteDomain","decl":{"start":{"line":99,"column":20},"end":{"line":101,"column":22}},"loc":{"start":{"line":99,"column":20},"end":{"line":101,"column":22}},"line":99},"8":{"name":"getRecords","decl":{"start":{"line":112,"column":1},"end":{"line":127,"column":11}},"loc":{"start":{"line":112,"column":1},"end":{"line":127,"column":11}},"line":112},"9":{"name":"hasRecord","decl":{"start":{"line":137,"column":22},"end":{"line":152,"column":36}},"loc":{"start":{"line":137,"column":22},"end":{"line":152,"column":36}},"line":137},"10":{"name":"findRecords","decl":{"start":{"line":155,"column":8},"end":{"line":181,"column":69}},"loc":{"start":{"line":155,"column":8},"end":{"line":181,"column":69}},"line":155},"11":{"name":"addRecord","decl":{"start":{"line":187,"column":53},"end":{"line":188,"column":31}},"loc":{"start":{"line":187,"column":53},"end":{"line":188,"column":31}},"line":187},"12":{"name":"addRecords","decl":{"start":{"line":196,"column":4},"end":{"line":257,"column":142}},"loc":{"start":{"line":196,"column":4},"end":{"line":257,"column":142}},"line":196},"13":{"name":"setRecord","decl":{"start":{"line":266,"column":20},"end":{"line":267,"column":69}},"loc":{"start":{"line":266,"column":20},"end":{"line":267,"column":69}},"line":266},"14":{"name":"setRecords","decl":{"start":{"line":279,"column":18},"end":{"line":322,"column":3}},"loc":{"start":{"line":279,"column":18},"end":{"line":322,"column":3}},"line":279},"15":{"name":"removeRecord","decl":{"start":{"line":327,"column":99},"end":{"line":331,"column":16}},"loc":{"start":{"line":327,"column":99},"end":{"line":331,"column":16}},"line":327},"16":{"name":"removeRecords","decl":{"start":{"line":337,"column":66},"end":{"line":398,"column":1}},"loc":{"start":{"line":337,"column":66},"end":{"line":398,"column":1}},"line":337},"17":{"name":"setupDomain","decl":{"start":{"line":403,"column":27},"end":{"line":466,"column":13}},"loc":{"start":{"line":403,"column":27},"end":{"line":466,"column":13}},"line":403}},"f":{"0":7,"1":7,"2":0,"3":1,"4":0,"5":1,"6":3,"7":3,"8":0,"9":0,"10":2,"11":2,"12":2,"13":2,"14":5,"15":0,"16":0,"17":1}}
}
