TN:
SF:src\lib\client\advanced-client.ts
FN:1,Object.<anonymous>
FN:10,PowerDNSAdvancedClient
FN:19,useServer
FN:30,getServers
FN:55,getServer
FN:72,getConfigs
FN:91,getZones
FN:111,getZone
FN:130,exportZone
FN:150,rectifyZone
FN:171,createZone
FN:198,updateZone
FN:245,deleteZone
FN:265,retrieveSlaveFromMaster
FN:290,notifyAllSlaves
FN:309,getCryptoKeys
FN:329,getCryptoKey
FN:357,createCryptoKey
FN:373,toggleCryptoKeyActiveState
FN:391,deleteCryptoKey
FN:409,getMetadata
FN:429,getMetadataContents
FN:450,createMetadata
FN:471,updateMetadata
FN:493,deleteMetadata
FN:509,getTSIGKeys
FN:526,getTSIGKey
FN:541,createTSIGKey
FN:567,updateTSIGKey
FN:586,deleteTSIGKey
FN:600,getAutoPrimaries
FN:616,addAutoPrimary
FN:636,deleteAutoPrimary
FN:657,search
FN:680,getStatistics
FN:698,flushCache
FNF:36
FNH:11
FNDA:7,Object.<anonymous>
FNDA:14,PowerDNSAdvancedClient
FNDA:0,useServer
FNDA:0,getServers
FNDA:0,getServer
FNDA:0,getConfigs
FNDA:1,getZones
FNDA:2,getZone
FNDA:0,exportZone
FNDA:0,rectifyZone
FNDA:7,createZone
FNDA:0,updateZone
FNDA:7,deleteZone
FNDA:0,retrieveSlaveFromMaster
FNDA:0,notifyAllSlaves
FNDA:1,getCryptoKeys
FNDA:0,getCryptoKey
FNDA:1,createCryptoKey
FNDA:0,toggleCryptoKeyActiveState
FNDA:0,deleteCryptoKey
FNDA:0,getMetadata
FNDA:0,getMetadataContents
FNDA:3,createMetadata
FNDA:1,updateMetadata
FNDA:1,deleteMetadata
FNDA:0,getTSIGKeys
FNDA:0,getTSIGKey
FNDA:0,createTSIGKey
FNDA:0,updateTSIGKey
FNDA:0,deleteTSIGKey
FNDA:0,getAutoPrimaries
FNDA:0,addAutoPrimary
FNDA:0,deleteAutoPrimary
FNDA:0,search
FNDA:0,getStatistics
FNDA:0,flushCache
DA:1,7
DA:2,7
DA:3,7
DA:4,7
DA:5,7
DA:6,7
DA:7,7
DA:8,7
DA:9,7
DA:10,7
DA:11,14
DA:12,14
DA:13,14
DA:14,14
DA:15,14
DA:16,14
DA:17,14
DA:18,7
DA:19,7
DA:20,0
DA:21,0
DA:22,0
DA:23,0
DA:24,7
DA:25,7
DA:26,7
DA:27,7
DA:28,7
DA:29,7
DA:30,7
DA:31,0
DA:32,0
DA:33,0
DA:34,0
DA:35,0
DA:36,0
DA:37,0
DA:38,0
DA:39,0
DA:40,7
DA:41,7
DA:42,7
DA:43,7
DA:44,7
DA:45,7
DA:46,7
DA:47,7
DA:48,7
DA:49,7
DA:50,7
DA:51,7
DA:52,7
DA:53,7
DA:54,7
DA:55,7
DA:56,0
DA:57,0
DA:58,0
DA:59,0
DA:60,0
DA:61,0
DA:62,0
DA:63,0
DA:64,7
DA:65,7
DA:66,7
DA:67,7
DA:68,7
DA:69,7
DA:70,7
DA:71,7
DA:72,7
DA:73,0
DA:74,0
DA:75,0
DA:76,0
DA:77,0
DA:78,0
DA:79,0
DA:80,0
DA:81,7
DA:82,7
DA:83,7
DA:84,7
DA:85,7
DA:86,7
DA:87,7
DA:88,7
DA:89,7
DA:90,7
DA:91,7
DA:92,1
DA:93,1
DA:94,1
DA:95,1
DA:96,1
DA:97,1
DA:98,1
DA:99,0
DA:100,1
DA:101,7
DA:102,7
DA:103,7
DA:104,7
DA:105,7
DA:106,7
DA:107,7
DA:108,7
DA:109,7
DA:110,7
DA:111,7
DA:112,2
DA:113,2
DA:114,2
DA:115,2
DA:116,2
DA:117,2
DA:118,2
DA:119,2
DA:120,2
DA:121,7
DA:122,7
DA:123,7
DA:124,7
DA:125,7
DA:126,7
DA:127,7
DA:128,7
DA:129,7
DA:130,7
DA:131,0
DA:132,0
DA:133,0
DA:134,0
DA:135,0
DA:136,0
DA:137,0
DA:138,0
DA:139,7
DA:140,7
DA:141,7
DA:142,7
DA:143,7
DA:144,7
DA:145,7
DA:146,7
DA:147,7
DA:148,7
DA:149,7
DA:150,7
DA:151,0
DA:152,0
DA:153,0
DA:154,0
DA:155,0
DA:156,0
DA:157,0
DA:158,0
DA:159,0
DA:160,7
DA:161,7
DA:162,7
DA:163,7
DA:164,7
DA:165,7
DA:166,7
DA:167,7
DA:168,7
DA:169,7
DA:170,7
DA:171,7
DA:172,7
DA:173,7
DA:174,7
DA:175,7
DA:176,7
DA:177,7
DA:178,7
DA:179,7
DA:180,0
DA:181,7
DA:182,7
DA:183,7
DA:184,7
DA:185,7
DA:186,7
DA:187,7
DA:188,7
DA:189,7
DA:190,7
DA:191,7
DA:192,7
DA:193,7
DA:194,7
DA:195,7
DA:196,7
DA:197,7
DA:198,7
DA:199,0
DA:200,0
DA:201,0
DA:202,0
DA:203,0
DA:204,0
DA:205,7
DA:206,7
DA:207,7
DA:208,7
DA:209,7
DA:210,7
DA:211,7
DA:212,7
DA:213,7
DA:214,7
DA:215,5
DA:216,5
DA:217,5
DA:218,5
DA:219,5
DA:220,5
DA:221,6
DA:222,4
DA:223,6
DA:224,6
DA:225,5
DA:226,5
DA:227,5
DA:228,5
DA:229,5
DA:230,0
DA:231,0
DA:232,0
DA:233,7
DA:234,7
DA:235,7
DA:236,7
DA:237,7
DA:238,7
DA:239,7
DA:240,7
DA:241,7
DA:242,7
DA:243,7
DA:244,7
DA:245,7
DA:246,7
DA:247,7
DA:248,7
DA:249,7
DA:250,7
DA:251,0
DA:252,0
DA:253,7
DA:254,7
DA:255,7
DA:256,7
DA:257,7
DA:258,7
DA:259,7
DA:260,7
DA:261,7
DA:262,7
DA:263,7
DA:264,7
DA:265,7
DA:266,0
DA:267,0
DA:268,0
DA:269,0
DA:270,0
DA:271,0
DA:272,0
DA:273,0
DA:274,0
DA:275,0
DA:276,7
DA:277,7
DA:278,7
DA:279,7
DA:280,7
DA:281,7
DA:282,7
DA:283,7
DA:284,7
DA:285,7
DA:286,7
DA:287,7
DA:288,7
DA:289,7
DA:290,7
DA:291,0
DA:292,0
DA:293,0
DA:294,0
DA:295,0
DA:296,0
DA:297,7
DA:298,7
DA:299,7
DA:300,7
DA:301,7
DA:302,7
DA:303,7
DA:304,7
DA:305,7
DA:306,7
DA:307,7
DA:308,7
DA:309,7
DA:310,1
DA:311,1
DA:312,1
DA:313,1
DA:314,1
DA:315,1
DA:316,1
DA:317,7
DA:318,7
DA:319,7
DA:320,7
DA:321,7
DA:322,7
DA:323,7
DA:324,7
DA:325,7
DA:326,7
DA:327,7
DA:328,7
DA:329,7
DA:330,0
DA:331,0
DA:332,0
DA:333,0
DA:334,0
DA:335,0
DA:336,0
DA:337,0
DA:338,7
DA:339,7
DA:340,7
DA:341,7
DA:342,7
DA:343,7
DA:344,7
DA:345,7
DA:346,7
DA:347,7
DA:348,7
DA:349,7
DA:350,7
DA:351,7
DA:352,7
DA:353,7
DA:354,7
DA:355,7
DA:356,7
DA:357,7
DA:358,1
DA:359,1
DA:360,1
DA:361,1
DA:362,1
DA:363,1
DA:364,7
DA:365,7
DA:366,7
DA:367,7
DA:368,7
DA:369,7
DA:370,7
DA:371,7
DA:372,7
DA:373,7
DA:374,0
DA:375,0
DA:376,0
DA:377,0
DA:378,0
DA:379,7
DA:380,7
DA:381,7
DA:382,7
DA:383,7
DA:384,7
DA:385,7
DA:386,7
DA:387,7
DA:388,7
DA:389,7
DA:390,7
DA:391,7
DA:392,0
DA:393,0
DA:394,0
DA:395,0
DA:396,7
DA:397,7
DA:398,7
DA:399,7
DA:400,7
DA:401,7
DA:402,7
DA:403,7
DA:404,7
DA:405,7
DA:406,7
DA:407,7
DA:408,7
DA:409,7
DA:410,0
DA:411,0
DA:412,0
DA:413,0
DA:414,7
DA:415,7
DA:416,7
DA:417,7
DA:418,7
DA:419,7
DA:420,7
DA:421,7
DA:422,7
DA:423,7
DA:424,7
DA:425,7
DA:426,7
DA:427,7
DA:428,7
DA:429,7
DA:430,0
DA:431,0
DA:432,0
DA:433,0
DA:434,0
DA:435,0
DA:436,7
DA:437,7
DA:438,7
DA:439,7
DA:440,7
DA:441,7
DA:442,7
DA:443,7
DA:444,7
DA:445,7
DA:446,7
DA:447,7
DA:448,7
DA:449,7
DA:450,7
DA:451,3
DA:452,3
DA:453,3
DA:454,3
DA:455,3
DA:456,7
DA:457,7
DA:458,7
DA:459,7
DA:460,7
DA:461,7
DA:462,7
DA:463,7
DA:464,7
DA:465,7
DA:466,7
DA:467,7
DA:468,7
DA:469,7
DA:470,7
DA:471,7
DA:472,1
DA:473,1
DA:474,1
DA:475,1
DA:476,1
DA:477,0
DA:478,7
DA:479,7
DA:480,7
DA:481,7
DA:482,7
DA:483,7
DA:484,7
DA:485,7
DA:486,7
DA:487,7
DA:488,7
DA:489,7
DA:490,7
DA:491,7
DA:492,7
DA:493,7
DA:494,1
DA:495,1
DA:496,1
DA:497,1
DA:498,1
DA:499,7
DA:500,7
DA:501,7
DA:502,7
DA:503,7
DA:504,7
DA:505,7
DA:506,7
DA:507,7
DA:508,7
DA:509,7
DA:510,0
DA:511,0
DA:512,0
DA:513,0
DA:514,0
DA:515,0
DA:516,7
DA:517,7
DA:518,7
DA:519,7
DA:520,7
DA:521,7
DA:522,7
DA:523,7
DA:524,7
DA:525,7
DA:526,7
DA:527,0
DA:528,0
DA:529,0
DA:530,7
DA:531,7
DA:532,7
DA:533,7
DA:534,7
DA:535,7
DA:536,7
DA:537,7
DA:538,7
DA:539,7
DA:540,7
DA:541,7
DA:542,0
DA:543,0
DA:544,0
DA:545,0
DA:546,0
DA:547,0
DA:548,0
DA:549,0
DA:550,7
DA:551,7
DA:552,7
DA:553,7
DA:554,7
DA:555,7
DA:556,7
DA:557,7
DA:558,7
DA:559,7
DA:560,7
DA:561,7
DA:562,7
DA:563,7
DA:564,7
DA:565,7
DA:566,7
DA:567,7
DA:568,0
DA:569,0
DA:570,0
DA:571,0
DA:572,0
DA:573,7
DA:574,7
DA:575,7
DA:576,7
DA:577,7
DA:578,7
DA:579,7
DA:580,7
DA:581,7
DA:582,7
DA:583,7
DA:584,7
DA:585,7
DA:586,7
DA:587,0
DA:588,0
DA:589,0
DA:590,0
DA:591,7
DA:592,7
DA:593,7
DA:594,7
DA:595,7
DA:596,7
DA:597,7
DA:598,7
DA:599,7
DA:600,7
DA:601,0
DA:602,0
DA:603,0
DA:604,0
DA:605,0
DA:606,0
DA:607,0
DA:608,7
DA:609,7
DA:610,7
DA:611,7
DA:612,7
DA:613,7
DA:614,7
DA:615,7
DA:616,7
DA:617,0
DA:618,0
DA:619,0
DA:620,0
DA:621,0
DA:622,7
DA:623,7
DA:624,7
DA:625,7
DA:626,7
DA:627,7
DA:628,7
DA:629,7
DA:630,7
DA:631,7
DA:632,7
DA:633,7
DA:634,7
DA:635,7
DA:636,7
DA:637,0
DA:638,0
DA:639,0
DA:640,0
DA:641,0
DA:642,0
DA:643,7
DA:644,7
DA:645,7
DA:646,7
DA:647,7
DA:648,7
DA:649,7
DA:650,7
DA:651,7
DA:652,7
DA:653,7
DA:654,7
DA:655,7
DA:656,7
DA:657,7
DA:658,0
DA:659,0
DA:660,0
DA:661,0
DA:662,0
DA:663,0
DA:664,0
DA:665,0
DA:666,0
DA:667,0
DA:668,0
DA:669,7
DA:670,7
DA:671,7
DA:672,7
DA:673,7
DA:674,7
DA:675,7
DA:676,7
DA:677,7
DA:678,7
DA:679,7
DA:680,7
DA:681,0
DA:682,0
DA:683,0
DA:684,7
DA:685,7
DA:686,7
DA:687,7
DA:688,7
DA:689,7
DA:690,7
DA:691,7
DA:692,7
DA:693,7
DA:694,7
DA:695,7
DA:696,7
DA:697,7
DA:698,7
DA:699,0
DA:700,0
DA:701,0
DA:702,0
DA:703,0
DA:704,7
DA:705,1
DA:706,1
DA:707,1
DA:708,1
DA:709,1
DA:710,1
DA:711,1
DA:712,1
DA:713,1
DA:714,1
DA:715,1
DA:716,1
DA:717,1
DA:718,1
DA:719,1
DA:720,1
DA:721,1
DA:722,1
DA:723,1
DA:724,1
DA:725,1
DA:726,1
DA:727,1
DA:728,1
DA:729,1
DA:730,1
DA:731,1
DA:732,1
DA:733,1
DA:734,1
DA:735,1
DA:736,1
DA:737,1
DA:738,1
DA:739,1
DA:740,1
DA:741,1
DA:742,1
DA:743,1
DA:744,1
DA:745,1
DA:746,1
DA:747,1
DA:748,1
DA:749,1
DA:750,1
DA:751,1
DA:752,1
DA:753,1
DA:754,1
DA:755,1
DA:756,1
DA:757,1
DA:758,1
DA:759,1
DA:760,1
DA:761,1
DA:762,1
DA:763,1
DA:764,1
DA:765,1
DA:766,1
DA:767,1
DA:768,1
DA:769,1
DA:770,1
LF:770
LH:604
BRDA:1,0,0,7
BRDA:1,1,0,7
BRDA:10,2,0,14
BRDA:91,3,0,1
BRDA:92,4,0,1
BRDA:98,5,0,1
BRDA:111,6,0,2
BRDA:116,7,0,2
BRDA:119,8,0,2
BRDA:171,9,0,7
BRDA:172,10,0,7
BRDA:179,11,0,7
BRDA:215,12,0,5
BRDA:219,13,0,0
BRDA:220,14,0,6
BRDA:220,15,0,6
BRDA:220,16,0,4
BRDA:221,17,0,4
BRDA:221,18,0,4
BRDA:228,19,0,5
BRDA:245,20,0,7
BRDA:246,21,0,7
BRDA:250,22,0,7
BRDA:309,23,0,1
BRDA:309,24,0,1
BRDA:316,25,0,1
BRDA:357,26,0,1
BRDA:358,27,0,1
BRDA:361,28,0,1
BRDA:450,29,0,3
BRDA:451,30,0,3
BRDA:455,31,0,3
BRDA:471,32,0,1
BRDA:472,33,0,1
BRDA:476,34,0,0
BRDA:476,35,0,1
BRDA:493,36,0,1
BRDA:495,37,0,1
BRDA:497,38,0,1
BRF:39
BRH:37
end_of_record
TN:
SF:src\lib\client\simple-client.ts
FN:1,Object.<anonymous>
FN:6,PowerDNSSimpleClient
FN:15,useServer
FN:35,getDomains
FN:48,getDomain
FN:62,hasDomain
FN:84,createDomain
FN:99,deleteDomain
FN:112,getRecords
FN:137,hasRecord
FN:155,findRecords
FN:187,addRecord
FN:196,addRecords
FN:266,setRecord
FN:279,setRecords
FN:327,removeRecord
FN:337,removeRecords
FN:403,setupDomain
FNF:18
FNH:12
FNDA:7,Object.<anonymous>
FNDA:7,PowerDNSSimpleClient
FNDA:0,useServer
FNDA:1,getDomains
FNDA:0,getDomain
FNDA:1,hasDomain
FNDA:3,createDomain
FNDA:3,deleteDomain
FNDA:0,getRecords
FNDA:0,hasRecord
FNDA:2,findRecords
FNDA:2,addRecord
FNDA:2,addRecords
FNDA:2,setRecord
FNDA:5,setRecords
FNDA:0,removeRecord
FNDA:0,removeRecords
FNDA:1,setupDomain
DA:1,7
DA:2,7
DA:3,7
DA:4,7
DA:5,7
DA:6,7
DA:7,7
DA:8,7
DA:9,7
DA:10,7
DA:11,7
DA:12,7
DA:13,7
DA:14,7
DA:15,7
DA:16,0
DA:17,0
DA:18,7
DA:19,7
DA:20,7
DA:21,7
DA:22,7
DA:23,7
DA:24,7
DA:25,7
DA:26,7
DA:27,7
DA:28,7
DA:29,7
DA:30,7
DA:31,7
DA:32,7
DA:33,7
DA:34,7
DA:35,7
DA:36,1
DA:37,1
DA:38,1
DA:39,7
DA:40,7
DA:41,7
DA:42,7
DA:43,7
DA:44,7
DA:45,7
DA:46,7
DA:47,7
DA:48,7
DA:49,0
DA:50,0
DA:51,7
DA:52,7
DA:53,7
DA:54,7
DA:55,7
DA:56,7
DA:57,7
DA:58,7
DA:59,7
DA:60,7
DA:61,7
DA:62,7
DA:63,1
DA:64,1
DA:65,1
DA:66,1
DA:67,0
DA:68,1
DA:69,1
DA:70,0
DA:71,0
DA:72,0
DA:73,0
DA:74,7
DA:75,7
DA:76,7
DA:77,7
DA:78,7
DA:79,7
DA:80,7
DA:81,7
DA:82,7
DA:83,7
DA:84,7
DA:85,3
DA:86,7
DA:87,7
DA:88,7
DA:89,7
DA:90,7
DA:91,7
DA:92,7
DA:93,7
DA:94,7
DA:95,7
DA:96,7
DA:97,7
DA:98,7
DA:99,7
DA:100,3
DA:101,7
DA:102,7
DA:103,7
DA:104,7
DA:105,7
DA:106,7
DA:107,7
DA:108,7
DA:109,7
DA:110,7
DA:111,7
DA:112,7
DA:113,0
DA:114,0
DA:115,0
DA:116,0
DA:117,0
DA:118,0
DA:119,0
DA:120,0
DA:121,0
DA:122,0
DA:123,0
DA:124,0
DA:125,0
DA:126,0
DA:127,7
DA:128,7
DA:129,7
DA:130,7
DA:131,7
DA:132,7
DA:133,7
DA:134,7
DA:135,7
DA:136,7
DA:137,7
DA:138,0
DA:139,0
DA:140,0
DA:141,0
DA:142,0
DA:143,0
DA:144,0
DA:145,0
DA:146,0
DA:147,0
DA:148,0
DA:149,0
DA:150,0
DA:151,0
DA:152,7
DA:153,7
DA:154,7
DA:155,7
DA:156,2
DA:157,2
DA:158,2
DA:159,2
DA:160,2
DA:161,2
DA:162,2
DA:163,3
DA:164,3
DA:165,3
DA:166,0
DA:167,0
DA:168,0
DA:169,0
DA:170,0
DA:171,0
DA:172,0
DA:173,0
DA:174,0
DA:175,0
DA:176,0
DA:177,0
DA:178,3
DA:179,2
DA:180,2
DA:181,7
DA:182,7
DA:183,7
DA:184,7
DA:185,7
DA:186,7
DA:187,7
DA:188,7
DA:189,7
DA:190,7
DA:191,7
DA:192,7
DA:193,7
DA:194,7
DA:195,7
DA:196,7
DA:197,2
DA:198,2
DA:199,2
DA:200,2
DA:201,2
DA:202,2
DA:203,2
DA:204,2
DA:205,2
DA:206,0
DA:207,2
DA:208,2
DA:209,2
DA:210,2
DA:211,2
DA:212,2
DA:213,2
DA:214,2
DA:215,2
DA:216,2
DA:217,2
DA:218,1
DA:219,1
DA:220,1
DA:221,2
DA:222,2
DA:223,2
DA:224,2
DA:225,2
DA:226,2
DA:227,2
DA:228,2
DA:229,0
DA:230,0
DA:231,0
DA:232,0
DA:233,0
DA:234,0
DA:235,0
DA:236,0
DA:237,0
DA:238,0
DA:239,0
DA:240,0
DA:241,0
DA:242,0
DA:243,0
DA:244,2
DA:245,2
DA:246,2
DA:247,2
DA:248,2
DA:249,2
DA:250,2
DA:251,2
DA:252,2
DA:253,2
DA:254,2
DA:255,2
DA:256,2
DA:257,7
DA:258,7
DA:259,7
DA:260,7
DA:261,7
DA:262,7
DA:263,7
DA:264,7
DA:265,7
DA:266,7
DA:267,7
DA:268,7
DA:269,7
DA:270,7
DA:271,7
DA:272,7
DA:273,7
DA:274,7
DA:275,7
DA:276,7
DA:277,7
DA:278,7
DA:279,7
DA:280,5
DA:281,5
DA:282,5
DA:283,5
DA:284,5
DA:285,5
DA:286,5
DA:287,5
DA:288,5
DA:289,5
DA:290,5
DA:291,5
DA:292,6
DA:293,6
DA:294,6
DA:295,6
DA:296,6
DA:297,6
DA:298,6
DA:299,6
DA:300,6
DA:301,6
DA:302,4
DA:303,6
DA:304,5
DA:305,5
DA:306,5
DA:307,5
DA:308,5
DA:309,6
DA:310,6
DA:311,6
DA:312,6
DA:313,6
DA:314,6
DA:315,6
DA:316,5
DA:317,5
DA:318,5
DA:319,0
DA:320,0
DA:321,5
DA:322,7
DA:323,7
DA:324,7
DA:325,7
DA:326,7
DA:327,7
DA:328,0
DA:329,0
DA:330,0
DA:331,7
DA:332,7
DA:333,7
DA:334,7
DA:335,7
DA:336,7
DA:337,7
DA:338,0
DA:339,0
DA:340,0
DA:341,0
DA:342,0
DA:343,0
DA:344,0
DA:345,0
DA:346,0
DA:347,0
DA:348,0
DA:349,0
DA:350,0
DA:351,0
DA:352,0
DA:353,0
DA:354,0
DA:355,0
DA:356,0
DA:357,0
DA:358,0
DA:359,0
DA:360,0
DA:361,0
DA:362,0
DA:363,0
DA:364,0
DA:365,0
DA:366,0
DA:367,0
DA:368,0
DA:369,0
DA:370,0
DA:371,0
DA:372,0
DA:373,0
DA:374,0
DA:375,0
DA:376,0
DA:377,0
DA:378,0
DA:379,0
DA:380,0
DA:381,0
DA:382,0
DA:383,0
DA:384,0
DA:385,0
DA:386,0
DA:387,0
DA:388,0
DA:389,0
DA:390,0
DA:391,0
DA:392,0
DA:393,0
DA:394,0
DA:395,0
DA:396,0
DA:397,0
DA:398,7
DA:399,7
DA:400,7
DA:401,7
DA:402,7
DA:403,7
DA:404,1
DA:405,1
DA:406,1
DA:407,1
DA:408,1
DA:409,1
DA:410,1
DA:411,1
DA:412,1
DA:413,1
DA:414,1
DA:415,1
DA:416,1
DA:417,0
DA:418,0
DA:419,0
DA:420,1
DA:421,1
DA:422,1
DA:423,1
DA:424,1
DA:425,1
DA:426,1
DA:427,1
DA:428,1
DA:429,1
DA:430,1
DA:431,1
DA:432,1
DA:433,1
DA:434,1
DA:435,1
DA:436,1
DA:437,1
DA:438,1
DA:439,1
DA:440,1
DA:441,1
DA:442,1
DA:443,1
DA:444,1
DA:445,1
DA:446,1
DA:447,1
DA:448,1
DA:449,1
DA:450,1
DA:451,1
DA:452,1
DA:453,1
DA:454,1
DA:455,1
DA:456,1
DA:457,1
DA:458,1
DA:459,1
DA:460,1
DA:461,1
DA:462,1
DA:463,1
DA:464,1
DA:465,1
DA:466,7
DA:467,7
DA:468,7
DA:469,1
DA:470,1
DA:471,1
DA:472,1
DA:473,1
DA:474,1
DA:475,1
DA:476,1
DA:477,1
DA:478,1
DA:479,1
DA:480,1
DA:481,1
DA:482,1
DA:483,1
DA:484,1
DA:485,1
DA:486,1
DA:487,1
DA:488,1
DA:489,1
DA:490,1
DA:491,1
DA:492,1
DA:493,1
DA:494,1
DA:495,1
DA:496,1
DA:497,1
DA:498,1
DA:499,1
LF:499
LH:366
BRDA:1,0,0,7
BRDA:1,1,0,7
BRDA:6,2,0,7
BRDA:35,3,0,1
BRDA:62,4,0,1
BRDA:63,5,0,1
BRDA:69,6,0,0
BRDA:84,7,0,3
BRDA:99,8,0,3
BRDA:155,9,0,2
BRDA:156,10,0,2
BRDA:159,11,0,2
BRDA:161,12,0,0
BRDA:161,13,0,3
BRDA:162,14,0,2
BRDA:164,15,0,2
BRDA:164,16,0,1
BRDA:165,17,0,0
BRDA:187,18,0,2
BRDA:196,19,0,2
BRDA:198,20,0,2
BRDA:205,21,0,0
BRDA:210,22,0,0
BRDA:217,23,0,1
BRDA:228,24,0,0
BRDA:252,25,0,0
BRDA:252,26,0,0
BRDA:255,27,0,0
BRDA:256,28,0,0
BRDA:257,29,0,0
BRDA:266,30,0,2
BRDA:279,31,0,5
BRDA:285,32,0,5
BRDA:288,33,0,0
BRDA:318,34,0,0
BRDA:291,35,0,6
BRDA:296,36,0,4
BRDA:297,37,0,2
BRDA:297,38,0,0
BRDA:301,39,0,4
BRDA:303,40,0,2
BRDA:303,41,0,2
BRDA:303,42,0,2
BRDA:308,43,0,6
BRDA:312,44,0,7
BRDA:316,45,0,4
BRDA:403,46,0,1
BRDA:404,47,0,1
BRDA:406,48,0,0
BRDA:409,49,0,0
BRDA:412,50,0,0
BRDA:414,51,0,0
BRDA:415,52,0,0
BRDA:416,53,0,0
BRDA:424,54,0,0
BRDA:429,55,0,0
BRDA:465,56,0,0
BRDA:435,57,0,2
BRF:58
BRH:35
end_of_record
